INFO 2025-06-23 22:02:06,496 autoreload Watching for file changes with StatReloader
INFO 2025-06-23 22:02:45,423 basehttp "GET /api/ipo/ HTTP/1.1" 200 719
INFO 2025-06-23 22:02:45,479 basehttp "GET /api/ipo/ HTTP/1.1" 200 719
INFO 2025-06-23 22:05:15,051 autoreload D:\New_Repo\bluestock_restful_api\backend\ipo_project\ipo_api\views.py changed, reloading.
INFO 2025-06-23 22:05:15,927 autoreload Watching for file changes with StatReloader
INFO 2025-06-23 22:05:22,805 autoreload D:\New_Repo\bluestock_restful_api\backend\ipo_project\ipo_api\views.py changed, reloading.
INFO 2025-06-23 22:05:23,633 autoreload Watching for file changes with StatReloader
INFO 2025-06-23 22:05:30,067 basehttp "GET /api/ipo/ HTTP/1.1" 200 719
INFO 2025-06-23 22:05:30,129 basehttp "GET /api/ipo/ HTTP/1.1" 200 719
INFO 2025-06-23 22:06:53,504 autoreload D:\New_Repo\bluestock_restful_api\backend\ipo_project\ipo_api\views.py changed, reloading.
INFO 2025-06-23 22:06:54,286 autoreload Watching for file changes with StatReloader
INFO 2025-06-23 22:07:01,769 basehttp "GET /api/ipo/ HTTP/1.1" 200 719
INFO 2025-06-23 22:07:01,842 basehttp "GET /api/ipo/ HTTP/1.1" 200 719
INFO 2025-06-23 22:07:24,797 basehttp "GET /api/ipo/ HTTP/1.1" 200 719
INFO 2025-06-23 22:07:24,849 basehttp "GET /api/ipo/ HTTP/1.1" 200 719
INFO 2025-06-23 22:07:47,428 basehttp "OPTIONS /api/ipo/9/ HTTP/1.1" 200 0
INFO 2025-06-23 22:07:47,540 basehttp "PUT /api/ipo/9/ HTTP/1.1" 200 388
INFO 2025-06-23 22:07:47,601 basehttp "GET /api/ipo/ HTTP/1.1" 200 720
INFO 2025-06-23 22:10:58,622 autoreload D:\New_Repo\bluestock_restful_api\backend\ipo_project\ipo_project\settings.py changed, reloading.
INFO 2025-06-23 22:10:59,551 django.utils.autoreload | Watching for file changes with StatReloader
INFO 2025-06-23 22:11:28,472 django.utils.autoreload | D:\New_Repo\bluestock_restful_api\backend\ipo_project\ipo_api\views.py changed, reloading.
INFO 2025-06-23 22:11:29,237 django.utils.autoreload | Watching for file changes with StatReloader
INFO 2025-06-23 22:11:34,795 ipo_api.views | Called GET API list
INFO 2025-06-23 22:11:34,797 django.server | "GET /api/ipo/ HTTP/1.1" 200 720
INFO 2025-06-23 22:11:34,847 ipo_api.views | Called GET API list
INFO 2025-06-23 22:11:34,861 django.server | "GET /api/ipo/ HTTP/1.1" 200 720
INFO 2025-06-23 22:12:03,187 django.utils.autoreload | Watching for file changes with StatReloader
INFO 2025-06-23 22:12:09,168 ipo_api.views | Called GET API list
INFO 2025-06-23 22:12:09,184 django.server | "GET /api/ipo/ HTTP/1.1" 200 720
INFO 2025-06-23 22:12:09,231 ipo_api.views | Called GET API list
INFO 2025-06-23 22:12:09,242 django.server | "GET /api/ipo/ HTTP/1.1" 200 720
INFO 2025-06-23 22:13:14,129 django.utils.autoreload | D:\New_Repo\bluestock_restful_api\backend\ipo_project\ipo_project\settings.py changed, reloading.
INFO 2025-06-23 22:13:14,916 django.utils.autoreload | Watching for file changes with StatReloader
INFO 2025-06-23 22:13:20,504 ipo_api.views | Called GET API list
INFO 2025-06-23 22:13:20,521 django.server | "GET /api/ipo/ HTTP/1.1" 200 720
INFO 2025-06-23 22:13:20,570 ipo_api.views | Called GET API list
INFO 2025-06-23 22:13:20,579 django.server | "GET /api/ipo/ HTTP/1.1" 200 720
INFO 2025-06-23 22:15:21,796 django.utils.autoreload | D:\New_Repo\bluestock_restful_api\backend\ipo_project\ipo_api\views.py changed, reloading.
INFO 2025-06-23 22:15:22,702 django.utils.autoreload | Watching for file changes with StatReloader
INFO 2025-06-23 22:15:28,494 root | Called GET API list
INFO 2025-06-23 22:15:28,509 django.server | "GET /api/ipo/ HTTP/1.1" 200 720
INFO 2025-06-23 22:15:28,558 root | Called GET API list
INFO 2025-06-23 22:15:28,570 django.server | "GET /api/ipo/ HTTP/1.1" 200 720
INFO 2025-06-23 22:16:02,529 root | Called PUT API for id
NoneType: None
INFO 2025-06-23 22:16:02,595 django.server | "PUT /api/ipo/9/ HTTP/1.1" 200 389
INFO 2025-06-23 22:16:02,645 root | Called GET API list
INFO 2025-06-23 22:16:02,653 django.server | "GET /api/ipo/ HTTP/1.1" 200 721
INFO 2025-06-23 22:16:44,507 root | Called PUT API for id
NoneType: None
INFO 2025-06-23 22:16:44,528 django.server | "PUT /api/ipo/9/ HTTP/1.1" 200 401
INFO 2025-06-23 22:16:44,583 root | Called GET API list
INFO 2025-06-23 22:16:44,592 django.server | "GET /api/ipo/ HTTP/1.1" 200 733
INFO 2025-06-23 22:16:55,517 root | Called PUT API for id
NoneType: None
WARNING 2025-06-23 22:16:55,522 django.request | Bad Request: /api/ipo/9/
WARNING 2025-06-23 22:16:55,522 django.server | "PUT /api/ipo/9/ HTTP/1.1" 400 83
INFO 2025-06-23 22:34:43,294 django.utils.autoreload | D:\New_Repo\bluestock_restful_api\backend\ipo_project\ipo_api\views.py changed, reloading.
INFO 2025-06-23 22:34:44,231 django.utils.autoreload | Watching for file changes with StatReloader
INFO 2025-06-23 22:35:07,876 django.server | "GET /api/ipo/ HTTP/1.1" 200 453
INFO 2025-06-23 22:35:07,934 django.server | "GET /api/ipo/ HTTP/1.1" 200 453
INFO 2025-06-23 22:35:11,322 django.server | "GET /api/ipo/ HTTP/1.1" 200 453
INFO 2025-06-23 22:35:11,371 django.server | "GET /api/ipo/ HTTP/1.1" 200 453
INFO 2025-06-23 22:38:39,080 django.server | "POST /api/login/ HTTP/1.1" 200 559
INFO 2025-06-23 22:38:39,212 django.server | "GET /api/ipo/ HTTP/1.1" 200 453
INFO 2025-06-23 22:38:39,280 django.server | "GET /api/ipo/ HTTP/1.1" 200 453
INFO 2025-06-23 22:41:53,187 django.server | "OPTIONS /api/ipo/ HTTP/1.1" 200 0
INFO 2025-06-23 22:41:53,252 django.server | "GET /api/ipo/ HTTP/1.1" 200 453
INFO 2025-06-23 22:41:53,309 django.server | "GET /api/ipo/ HTTP/1.1" 200 453
WARNING 2025-06-23 22:53:04,514 django.request | Unauthorized: /api/ipo/
WARNING 2025-06-23 22:53:04,514 django.request | Unauthorized: /api/ipo/
WARNING 2025-06-23 22:53:04,515 django.server | "GET /api/ipo/ HTTP/1.1" 401 58
WARNING 2025-06-23 22:53:04,515 django.server | "GET /api/ipo/ HTTP/1.1" 401 58
INFO 2025-06-23 22:54:22,548 django.server | "GET /api/ipo/ HTTP/1.1" 200 453
INFO 2025-06-23 22:54:22,548 django.server | "GET /api/ipo/ HTTP/1.1" 200 453
INFO 2025-06-23 22:57:18,240 django.server | "POST /api/login/ HTTP/1.1" 200 559
INFO 2025-06-23 22:57:18,311 django.server | "GET /api/ipo/ HTTP/1.1" 200 453
INFO 2025-06-23 22:57:18,381 django.server | "GET /api/ipo/ HTTP/1.1" 200 453
WARNING 2025-06-23 23:07:08,490 django.request | Unauthorized: /api/ipo/
WARNING 2025-06-23 23:07:08,490 django.request | Unauthorized: /api/ipo/
WARNING 2025-06-23 23:07:08,490 django.server | "GET /api/ipo/ HTTP/1.1" 401 172
WARNING 2025-06-23 23:07:08,490 django.server | "GET /api/ipo/ HTTP/1.1" 401 172
WARNING 2025-06-23 23:15:11,949 django.request | Unauthorized: /api/ipo/
WARNING 2025-06-23 23:15:11,951 django.server | "GET /api/ipo/ HTTP/1.1" 401 172
WARNING 2025-06-23 23:15:11,963 django.request | Unauthorized: /api/ipo/
WARNING 2025-06-23 23:15:11,963 django.server | "GET /api/ipo/ HTTP/1.1" 401 172
WARNING 2025-06-23 23:16:35,494 django.request | Unauthorized: /api/ipo/
WARNING 2025-06-23 23:16:35,494 django.server | "GET /api/ipo/ HTTP/1.1" 401 172
INFO 2025-06-23 23:16:35,553 django.server | "GET /api/ipo/ HTTP/1.1" 200 453
INFO 2025-06-23 23:16:57,665 django.utils.autoreload | D:\New_Repo\bluestock_restful_api\backend\ipo_project\ipo_api\views.py changed, reloading.
INFO 2025-06-23 23:16:58,453 django.utils.autoreload | Watching for file changes with StatReloader
INFO 2025-06-23 23:17:11,783 root | Called GET API list
INFO 2025-06-23 23:17:11,802 django.server | "GET /api/ipo/ HTTP/1.1" 200 733
INFO 2025-06-23 23:17:11,849 root | Called GET API list
INFO 2025-06-23 23:17:11,857 django.server | "GET /api/ipo/ HTTP/1.1" 200 733
INFO 2025-06-23 23:24:13,879 django.utils.autoreload | D:\New_Repo\bluestock_restful_api\backend\ipo_project\ipo_api\views.py changed, reloading.
INFO 2025-06-23 23:24:14,551 django.utils.autoreload | Watching for file changes with StatReloader
INFO 2025-06-23 23:24:46,403 django.utils.autoreload | D:\New_Repo\bluestock_restful_api\backend\ipo_project\ipo_api\views.py changed, reloading.
INFO 2025-06-23 23:24:47,123 django.utils.autoreload | Watching for file changes with StatReloader
INFO 2025-06-23 23:25:13,914 django.utils.autoreload | D:\New_Repo\bluestock_restful_api\backend\ipo_project\ipo_api\views.py changed, reloading.
INFO 2025-06-23 23:25:14,607 django.utils.autoreload | Watching for file changes with StatReloader
INFO 2025-06-23 23:25:29,369 django.server | "GET /api/ipo/ HTTP/1.1" 200 453
INFO 2025-06-23 23:25:29,431 django.server | "GET /api/ipo/ HTTP/1.1" 200 453
WARNING 2025-06-23 23:30:29,522 django.request | Unauthorized: /api/ipo/
WARNING 2025-06-23 23:30:29,522 django.server | "GET /api/ipo/ HTTP/1.1" 401 172
WARNING 2025-06-23 23:30:29,522 django.request | Unauthorized: /api/ipo/
WARNING 2025-06-23 23:30:29,522 django.server | "GET /api/ipo/ HTTP/1.1" 401 172
INFO 2025-06-23 23:30:29,584 django.server | "GET /api/ipo/ HTTP/1.1" 200 453
INFO 2025-06-23 23:30:29,644 django.server | "GET /api/ipo/ HTTP/1.1" 200 453
WARNING 2025-06-23 23:31:00,208 django.request | Unauthorized: /api/ipo/
WARNING 2025-06-23 23:31:00,208 django.server | "GET /api/ipo/ HTTP/1.1" 401 172
INFO 2025-06-23 23:31:00,640 django.server | "GET /api/ipo/ HTTP/1.1" 200 453
INFO 2025-06-23 23:31:00,711 django.server | "GET /api/ipo/ HTTP/1.1" 200 453
INFO 2025-06-23 23:31:18,492 django.server | "OPTIONS /api/ipo/ HTTP/1.1" 200 0
INFO 2025-06-23 23:31:18,500 django.server | "OPTIONS /api/ipo/ HTTP/1.1" 200 0
INFO 2025-06-23 23:31:18,573 django.server | "GET /api/ipo/ HTTP/1.1" 200 453
INFO 2025-06-23 23:31:18,630 django.server | "GET /api/ipo/ HTTP/1.1" 200 453
INFO 2025-06-23 23:45:57,188 django.utils.autoreload | D:\New_Repo\bluestock_restful_api\backend\ipo_project\ipo_api\views.py changed, reloading.
INFO 2025-06-23 23:45:57,825 django.utils.autoreload | Watching for file changes with StatReloader
WARNING 2025-06-24 00:05:43,501 django.request | Unauthorized: /api/ipo/
WARNING 2025-06-24 00:05:43,501 django.request | Unauthorized: /api/ipo/
WARNING 2025-06-24 00:05:43,501 django.server | "GET /api/ipo/ HTTP/1.1" 401 172
WARNING 2025-06-24 00:05:43,501 django.server | "GET /api/ipo/ HTTP/1.1" 401 172
WARNING 2025-06-24 00:05:43,501 django.request | Unauthorized: /api/ipo/
WARNING 2025-06-24 00:05:43,505 django.request | Unauthorized: /api/ipo/
WARNING 2025-06-24 00:05:43,505 django.server | "GET /api/ipo/ HTTP/1.1" 401 172
WARNING 2025-06-24 00:05:43,505 django.server | "GET /api/ipo/ HTTP/1.1" 401 172
WARNING 2025-06-24 00:05:52,788 django.request | Unauthorized: /api/ipo/
WARNING 2025-06-24 00:05:52,788 django.server | "GET /api/ipo/ HTTP/1.1" 401 172
WARNING 2025-06-24 00:05:52,793 django.request | Unauthorized: /api/ipo/
WARNING 2025-06-24 00:05:52,793 django.server | "GET /api/ipo/ HTTP/1.1" 401 172
WARNING 2025-06-24 00:07:17,484 django.request | Unauthorized: /api/ipo/
WARNING 2025-06-24 00:07:17,484 django.server | "GET /api/ipo/ HTTP/1.1" 401 172
WARNING 2025-06-24 00:07:17,495 django.request | Unauthorized: /api/ipo/
WARNING 2025-06-24 00:07:17,495 django.server | "GET /api/ipo/ HTTP/1.1" 401 172
WARNING 2025-06-24 00:07:22,958 django.request | Unauthorized: /api/ipo/
WARNING 2025-06-24 00:07:22,958 django.server | "GET /api/ipo/ HTTP/1.1" 401 172
WARNING 2025-06-24 00:07:22,965 django.request | Unauthorized: /api/ipo/
WARNING 2025-06-24 00:07:22,965 django.server | "GET /api/ipo/ HTTP/1.1" 401 172
INFO 2025-06-24 00:07:55,328 django.server | "OPTIONS /api/login/ HTTP/1.1" 200 0
INFO 2025-06-24 00:07:56,024 django.server | "POST /api/login/ HTTP/1.1" 200 559
INFO 2025-06-24 00:07:56,092 django.server | "GET /api/ipo/ HTTP/1.1" 200 453
INFO 2025-06-24 00:07:56,145 django.server | "GET /api/ipo/ HTTP/1.1" 200 453
WARNING 2025-06-24 00:09:36,482 django.request | Unauthorized: /api/ipo/
WARNING 2025-06-24 00:09:36,482 django.server | "GET /api/ipo/ HTTP/1.1" 401 172
WARNING 2025-06-24 00:09:36,484 django.request | Unauthorized: /api/ipo/
WARNING 2025-06-24 00:09:36,484 django.server | "GET /api/ipo/ HTTP/1.1" 401 172
INFO 2025-06-24 00:09:36,543 django.server | "GET /api/ipo/ HTTP/1.1" 200 453
INFO 2025-06-24 00:09:36,597 django.server | "GET /api/ipo/ HTTP/1.1" 200 453
INFO 2025-06-24 00:10:05,153 django.utils.autoreload | D:\New_Repo\bluestock_restful_api\backend\ipo_project\ipo_api\views.py changed, reloading.
INFO 2025-06-24 00:10:06,086 django.utils.autoreload | Watching for file changes with StatReloader
INFO 2025-06-24 00:10:13,036 root | Called GET API list
INFO 2025-06-24 00:10:13,055 django.server | "GET /api/ipo/ HTTP/1.1" 200 733
INFO 2025-06-24 00:10:13,099 root | Called GET API list
INFO 2025-06-24 00:10:13,111 django.server | "GET /api/ipo/ HTTP/1.1" 200 733
INFO 2025-06-24 00:21:14,316 django.utils.autoreload | D:\New_Repo\bluestock_restful_api\backend\ipo_project\ipo_api\views.py changed, reloading.
INFO 2025-06-24 00:21:15,168 django.utils.autoreload | Watching for file changes with StatReloader
INFO 2025-06-24 00:21:27,061 django.utils.autoreload | D:\New_Repo\bluestock_restful_api\backend\ipo_project\ipo_api\views.py changed, reloading.
INFO 2025-06-24 00:21:27,875 django.utils.autoreload | Watching for file changes with StatReloader
INFO 2025-06-24 00:21:37,546 root | Called GET API list
INFO 2025-06-24 00:21:37,563 django.server | "GET /api/ipo/ HTTP/1.1" 200 733
INFO 2025-06-24 00:21:37,599 root | Called GET API list
INFO 2025-06-24 00:21:37,617 django.server | "GET /api/ipo/ HTTP/1.1" 200 733
INFO 2025-06-24 14:29:14,086 django.utils.autoreload | Watching for file changes with StatReloader
INFO 2025-06-24 14:30:26,329 django.server | "OPTIONS /api/login/ HTTP/1.1" 200 0
INFO 2025-06-24 14:30:27,646 django.server | "POST /api/login/ HTTP/1.1" 200 559
INFO 2025-06-24 14:30:27,673 django.server | "OPTIONS /api/ipo/ HTTP/1.1" 200 0
INFO 2025-06-24 14:30:27,678 django.server | "OPTIONS /api/ipo/ HTTP/1.1" 200 0
INFO 2025-06-24 14:30:27,753 root | Called GET API list
INFO 2025-06-24 14:30:27,772 django.server | "GET /api/ipo/ HTTP/1.1" 200 733
INFO 2025-06-24 14:30:27,838 root | Called GET API list
INFO 2025-06-24 14:30:27,855 django.server | "GET /api/ipo/ HTTP/1.1" 200 733
INFO 2025-06-24 14:30:42,618 django.server | "OPTIONS /api/ipo/9/ HTTP/1.1" 200 0
INFO 2025-06-24 14:30:42,705 root | Called PUT API for id
NoneType: None
INFO 2025-06-24 14:30:42,776 django.server | "PUT /api/ipo/9/ HTTP/1.1" 200 387
INFO 2025-06-24 14:30:42,860 root | Called GET API list
INFO 2025-06-24 14:30:42,876 django.server | "GET /api/ipo/ HTTP/1.1" 200 719
INFO 2025-06-24 14:41:29,922 django.utils.autoreload | D:\New_Repo\bluestock_restful_api\backend\ipo_project\ipo_api\views.py changed, reloading.
INFO 2025-06-24 14:41:31,759 django.utils.autoreload | Watching for file changes with StatReloader
INFO 2025-06-24 14:43:43,294 root | Called GET API list
ERROR 2025-06-24 14:43:43,541 django.request | Internal Server Error: /api/ipo/
Traceback (most recent call last):
  File "D:\New_Repo\bluestock_restful_api\myenv\Lib\site-packages\django\core\handlers\exception.py", line 55, in inner
    response = get_response(request)
               ^^^^^^^^^^^^^^^^^^^^^
  File "D:\New_Repo\bluestock_restful_api\myenv\Lib\site-packages\django\core\handlers\base.py", line 220, in _get_response
    response = response.render()
               ^^^^^^^^^^^^^^^^^
  File "D:\New_Repo\bluestock_restful_api\myenv\Lib\site-packages\django\template\response.py", line 114, in render
    self.content = self.rendered_content
                   ^^^^^^^^^^^^^^^^^^^^^
  File "D:\New_Repo\bluestock_restful_api\myenv\Lib\site-packages\rest_framework\response.py", line 59, in rendered_content
    assert renderer, ".accepted_renderer not set on Response"
           ^^^^^^^^
AssertionError: .accepted_renderer not set on Response
ERROR 2025-06-24 14:43:43,556 django.server | "GET /api/ipo/ HTTP/1.1" 500 75095
INFO 2025-06-24 14:43:43,562 root | Called GET API list
ERROR 2025-06-24 14:43:43,667 django.request | Internal Server Error: /api/ipo/
Traceback (most recent call last):
  File "D:\New_Repo\bluestock_restful_api\myenv\Lib\site-packages\django\core\handlers\exception.py", line 55, in inner
    response = get_response(request)
               ^^^^^^^^^^^^^^^^^^^^^
  File "D:\New_Repo\bluestock_restful_api\myenv\Lib\site-packages\django\core\handlers\base.py", line 220, in _get_response
    response = response.render()
               ^^^^^^^^^^^^^^^^^
  File "D:\New_Repo\bluestock_restful_api\myenv\Lib\site-packages\django\template\response.py", line 114, in render
    self.content = self.rendered_content
                   ^^^^^^^^^^^^^^^^^^^^^
  File "D:\New_Repo\bluestock_restful_api\myenv\Lib\site-packages\rest_framework\response.py", line 59, in rendered_content
    assert renderer, ".accepted_renderer not set on Response"
           ^^^^^^^^
AssertionError: .accepted_renderer not set on Response
ERROR 2025-06-24 14:43:43,667 django.server | "GET /api/ipo/ HTTP/1.1" 500 75095
INFO 2025-06-24 14:45:25,283 django.server | "OPTIONS /api/ipo/?page=1 HTTP/1.1" 200 0
INFO 2025-06-24 14:45:25,283 root | Called GET API list
ERROR 2025-06-24 14:45:25,393 django.request | Internal Server Error: /api/ipo/
Traceback (most recent call last):
  File "D:\New_Repo\bluestock_restful_api\myenv\Lib\site-packages\django\core\handlers\exception.py", line 55, in inner
    response = get_response(request)
               ^^^^^^^^^^^^^^^^^^^^^
  File "D:\New_Repo\bluestock_restful_api\myenv\Lib\site-packages\django\core\handlers\base.py", line 220, in _get_response
    response = response.render()
               ^^^^^^^^^^^^^^^^^
  File "D:\New_Repo\bluestock_restful_api\myenv\Lib\site-packages\django\template\response.py", line 114, in render
    self.content = self.rendered_content
                   ^^^^^^^^^^^^^^^^^^^^^
  File "D:\New_Repo\bluestock_restful_api\myenv\Lib\site-packages\rest_framework\response.py", line 59, in rendered_content
    assert renderer, ".accepted_renderer not set on Response"
           ^^^^^^^^
AssertionError: .accepted_renderer not set on Response
ERROR 2025-06-24 14:45:25,393 django.server | "GET /api/ipo/?page=1 HTTP/1.1" 500 75439
INFO 2025-06-24 14:46:10,294 root | Called GET API list
ERROR 2025-06-24 14:46:10,399 django.request | Internal Server Error: /api/ipo/
Traceback (most recent call last):
  File "D:\New_Repo\bluestock_restful_api\myenv\Lib\site-packages\django\core\handlers\exception.py", line 55, in inner
    response = get_response(request)
               ^^^^^^^^^^^^^^^^^^^^^
  File "D:\New_Repo\bluestock_restful_api\myenv\Lib\site-packages\django\core\handlers\base.py", line 220, in _get_response
    response = response.render()
               ^^^^^^^^^^^^^^^^^
  File "D:\New_Repo\bluestock_restful_api\myenv\Lib\site-packages\django\template\response.py", line 114, in render
    self.content = self.rendered_content
                   ^^^^^^^^^^^^^^^^^^^^^
  File "D:\New_Repo\bluestock_restful_api\myenv\Lib\site-packages\rest_framework\response.py", line 59, in rendered_content
    assert renderer, ".accepted_renderer not set on Response"
           ^^^^^^^^
AssertionError: .accepted_renderer not set on Response
ERROR 2025-06-24 14:46:10,399 django.server | "GET /api/ipo/?page=1 HTTP/1.1" 500 75439
INFO 2025-06-24 14:54:32,282 root | Called GET API list
ERROR 2025-06-24 14:54:32,391 django.request | Internal Server Error: /api/ipo/
Traceback (most recent call last):
  File "D:\New_Repo\bluestock_restful_api\myenv\Lib\site-packages\django\core\handlers\exception.py", line 55, in inner
    response = get_response(request)
               ^^^^^^^^^^^^^^^^^^^^^
  File "D:\New_Repo\bluestock_restful_api\myenv\Lib\site-packages\django\core\handlers\base.py", line 220, in _get_response
    response = response.render()
               ^^^^^^^^^^^^^^^^^
  File "D:\New_Repo\bluestock_restful_api\myenv\Lib\site-packages\django\template\response.py", line 114, in render
    self.content = self.rendered_content
                   ^^^^^^^^^^^^^^^^^^^^^
  File "D:\New_Repo\bluestock_restful_api\myenv\Lib\site-packages\rest_framework\response.py", line 59, in rendered_content
    assert renderer, ".accepted_renderer not set on Response"
           ^^^^^^^^
AssertionError: .accepted_renderer not set on Response
ERROR 2025-06-24 14:54:32,391 django.server | "GET /api/ipo/ HTTP/1.1" 500 75095
INFO 2025-06-24 14:54:32,407 root | Called GET API list
ERROR 2025-06-24 14:54:32,502 django.request | Internal Server Error: /api/ipo/
Traceback (most recent call last):
  File "D:\New_Repo\bluestock_restful_api\myenv\Lib\site-packages\django\core\handlers\exception.py", line 55, in inner
    response = get_response(request)
               ^^^^^^^^^^^^^^^^^^^^^
  File "D:\New_Repo\bluestock_restful_api\myenv\Lib\site-packages\django\core\handlers\base.py", line 220, in _get_response
    response = response.render()
               ^^^^^^^^^^^^^^^^^
  File "D:\New_Repo\bluestock_restful_api\myenv\Lib\site-packages\django\template\response.py", line 114, in render
    self.content = self.rendered_content
                   ^^^^^^^^^^^^^^^^^^^^^
  File "D:\New_Repo\bluestock_restful_api\myenv\Lib\site-packages\rest_framework\response.py", line 59, in rendered_content
    assert renderer, ".accepted_renderer not set on Response"
           ^^^^^^^^
AssertionError: .accepted_renderer not set on Response
ERROR 2025-06-24 14:54:32,502 django.server | "GET /api/ipo/ HTTP/1.1" 500 75095
INFO 2025-06-24 14:54:56,480 django.utils.autoreload | D:\New_Repo\bluestock_restful_api\backend\ipo_project\ipo_api\views.py changed, reloading.
INFO 2025-06-24 14:54:57,702 django.utils.autoreload | Watching for file changes with StatReloader
INFO 2025-06-24 14:55:07,662 root | Called GET API list
INFO 2025-06-24 14:55:07,685 django.server | "GET /api/ipo/ HTTP/1.1" 200 719
INFO 2025-06-24 14:55:07,761 root | Called GET API list
INFO 2025-06-24 14:55:07,779 django.server | "GET /api/ipo/ HTTP/1.1" 200 719
INFO 2025-06-24 14:55:25,274 root | Called PUT API for id
NoneType: None
INFO 2025-06-24 14:55:25,359 django.server | "PUT /api/ipo/9/ HTTP/1.1" 200 387
INFO 2025-06-24 14:55:25,538 root | Called GET API list
INFO 2025-06-24 14:55:25,554 django.server | "GET /api/ipo/ HTTP/1.1" 200 719
INFO 2025-06-24 14:59:33,289 django.server | "OPTIONS /api/ipo/paginated/?page=1 HTTP/1.1" 200 0
INFO 2025-06-24 14:59:33,294 django.server | "OPTIONS /api/ipo/paginated/?page=1 HTTP/1.1" 200 0
WARNING 2025-06-24 14:59:33,323 django.request | Not Found: /api/ipo/paginated/
WARNING 2025-06-24 14:59:33,323 django.server | "GET /api/ipo/paginated/?page=1 HTTP/1.1" 404 10241
WARNING 2025-06-24 14:59:33,343 django.request | Not Found: /api/ipo/paginated/
WARNING 2025-06-24 14:59:33,343 django.server | "GET /api/ipo/paginated/?page=1 HTTP/1.1" 404 10241
INFO 2025-06-24 15:02:13,726 django.utils.autoreload | D:\New_Repo\bluestock_restful_api\backend\ipo_project\ipo_api\views.py changed, reloading.
INFO 2025-06-24 15:02:15,334 django.utils.autoreload | Watching for file changes with StatReloader
WARNING 2025-06-24 15:02:26,740 django.request | Not Found: /api/ipo/paginated/
WARNING 2025-06-24 15:02:26,745 django.server | "GET /api/ipo/paginated/?page=1 HTTP/1.1" 404 10241
WARNING 2025-06-24 15:02:26,752 django.request | Not Found: /api/ipo/paginated/
WARNING 2025-06-24 15:02:26,752 django.server | "GET /api/ipo/paginated/?page=1 HTTP/1.1" 404 10241
WARNING 2025-06-24 15:02:28,270 django.request | Not Found: /api/ipo/paginated/
WARNING 2025-06-24 15:02:28,274 django.server | "GET /api/ipo/paginated/?page=1 HTTP/1.1" 404 10241
WARNING 2025-06-24 15:02:28,274 django.request | Not Found: /api/ipo/paginated/
WARNING 2025-06-24 15:02:28,287 django.server | "GET /api/ipo/paginated/?page=1 HTTP/1.1" 404 10241
INFO 2025-06-24 15:03:37,471 root | Called POST API list
NoneType: None
WARNING 2025-06-24 15:03:37,528 django.request | Bad Request: /api/ipo/
WARNING 2025-06-24 15:03:37,528 django.server | "POST /api/ipo/ HTTP/1.1" 400 149
INFO 2025-06-24 15:03:48,327 root | Called POST API list
NoneType: None
WARNING 2025-06-24 15:03:48,332 django.request | Bad Request: /api/ipo/
WARNING 2025-06-24 15:03:48,332 django.server | "POST /api/ipo/ HTTP/1.1" 400 149
INFO 2025-06-24 15:04:44,808 django.server | "OPTIONS /api/ipo/paginated/?page=1 HTTP/1.1" 200 0
INFO 2025-06-24 15:04:44,812 django.server | "OPTIONS /api/ipo/paginated/?page=1 HTTP/1.1" 200 0
WARNING 2025-06-24 15:04:44,823 django.request | Not Found: /api/ipo/paginated/
WARNING 2025-06-24 15:04:44,823 django.server | "GET /api/ipo/paginated/?page=1 HTTP/1.1" 404 10241
WARNING 2025-06-24 15:04:44,835 django.request | Not Found: /api/ipo/paginated/
WARNING 2025-06-24 15:04:44,836 django.server | "GET /api/ipo/paginated/?page=1 HTTP/1.1" 404 10241
INFO 2025-06-24 15:08:35,591 django.utils.autoreload | D:\New_Repo\bluestock_restful_api\backend\ipo_project\ipo_api\urls.py changed, reloading.
INFO 2025-06-24 15:08:36,955 django.utils.autoreload | Watching for file changes with StatReloader
WARNING 2025-06-24 15:11:00,823 django.request | Unauthorized: /api/ipo/
WARNING 2025-06-24 15:11:00,824 django.server | "GET /api/ipo/?page=1 HTTP/1.1" 401 5162
INFO 2025-06-24 15:11:01,201 django.server | "GET /static/rest_framework/css/default.css HTTP/1.1" 200 1152
INFO 2025-06-24 15:11:01,201 django.server | "GET /static/rest_framework/css/bootstrap-tweaks.css HTTP/1.1" 200 3426
INFO 2025-06-24 15:11:01,201 django.server | "GET /static/rest_framework/css/prettify.css HTTP/1.1" 200 817
INFO 2025-06-24 15:11:01,206 django.server | "GET /static/rest_framework/css/bootstrap.min.css HTTP/1.1" 200 121457
INFO 2025-06-24 15:11:01,251 django.server | "GET /static/rest_framework/js/default.js HTTP/1.1" 200 1268
INFO 2025-06-24 15:11:01,251 django.server | "GET /static/rest_framework/js/ajax-form.js HTTP/1.1" 200 3796
INFO 2025-06-24 15:11:01,257 django.server | "GET /static/rest_framework/js/csrf.js HTTP/1.1" 200 1793
INFO 2025-06-24 15:11:01,267 django.server | "GET /static/rest_framework/js/prettify-min.js HTTP/1.1" 200 13632
INFO 2025-06-24 15:11:01,275 django.server | "GET /static/rest_framework/js/load-ajax-form.js HTTP/1.1" 200 59
INFO 2025-06-24 15:11:01,285 django.server | "GET /static/rest_framework/js/bootstrap.min.js HTTP/1.1" 200 39680
INFO 2025-06-24 15:11:01,291 django.server | "GET /static/rest_framework/img/grid.png HTTP/1.1" 200 1458
INFO 2025-06-24 15:11:01,316 django.server | "GET /static/rest_framework/js/jquery-3.7.1.min.js HTTP/1.1" 200 87533
WARNING 2025-06-24 15:11:01,389 django.request | Not Found: /favicon.ico
WARNING 2025-06-24 15:11:01,389 django.server | "GET /favicon.ico HTTP/1.1" 404 2685
WARNING 2025-06-24 15:11:26,676 django.request | Not Found: /api/ipo/paginated/
WARNING 2025-06-24 15:11:26,677 django.server | "GET /api/ipo/paginated/?page=1 HTTP/1.1" 404 10241
WARNING 2025-06-24 15:11:26,688 django.request | Not Found: /api/ipo/paginated/
WARNING 2025-06-24 15:11:26,688 django.server | "GET /api/ipo/paginated/?page=1 HTTP/1.1" 404 10241
WARNING 2025-06-24 15:12:48,452 django.request | Not Found: /api/ipo/paginated/
WARNING 2025-06-24 15:12:48,452 django.server | "GET /api/ipo/paginated/?page=1 HTTP/1.1" 404 10241
WARNING 2025-06-24 15:12:48,462 django.request | Not Found: /api/ipo/paginated/
WARNING 2025-06-24 15:12:48,462 django.server | "GET /api/ipo/paginated/?page=1 HTTP/1.1" 404 10241
WARNING 2025-06-24 15:24:00,880 django.request | Not Found: /api/ipo/paginated/
WARNING 2025-06-24 15:24:00,880 django.server | "GET /api/ipo/paginated/?page=1 HTTP/1.1" 404 10241
WARNING 2025-06-24 15:24:00,897 django.request | Not Found: /api/ipo/paginated/
WARNING 2025-06-24 15:24:00,897 django.server | "GET /api/ipo/paginated/?page=1 HTTP/1.1" 404 10241
INFO 2025-06-24 15:25:45,007 django.utils.autoreload | D:\New_Repo\bluestock_restful_api\backend\ipo_project\ipo_api\urls.py changed, reloading.
INFO 2025-06-24 15:25:46,401 django.utils.autoreload | Watching for file changes with StatReloader
INFO 2025-06-24 15:25:59,735 django.utils.autoreload | D:\New_Repo\bluestock_restful_api\backend\ipo_project\ipo_api\urls.py changed, reloading.
INFO 2025-06-24 15:26:00,982 django.utils.autoreload | Watching for file changes with StatReloader
WARNING 2025-06-24 15:26:09,084 django.request | Unauthorized: /api/ipo/paginated/
WARNING 2025-06-24 15:26:09,092 django.server | "GET /api/ipo/paginated/?page=1 HTTP/1.1" 401 172
WARNING 2025-06-24 15:26:09,092 django.request | Unauthorized: /api/ipo/paginated/
WARNING 2025-06-24 15:26:09,092 django.server | "GET /api/ipo/paginated/?page=1 HTTP/1.1" 401 172
INFO 2025-06-24 15:27:51,053 django.server | "OPTIONS /api/login/ HTTP/1.1" 200 0
INFO 2025-06-24 15:27:52,183 django.server | "POST /api/login/ HTTP/1.1" 200 559
INFO 2025-06-24 15:27:52,304 root | Called GET API list
INFO 2025-06-24 15:27:52,361 django.server | "GET /api/ipo/paginated/?page=1 HTTP/1.1" 200 769
INFO 2025-06-24 15:27:52,437 root | Called GET API list
INFO 2025-06-24 15:27:52,459 django.server | "GET /api/ipo/paginated/?page=1 HTTP/1.1" 200 769
INFO 2025-06-24 15:28:02,695 root | Called GET API list
INFO 2025-06-24 15:28:02,727 django.server | "GET /api/ipo/paginated/?page=1 HTTP/1.1" 200 769
INFO 2025-06-24 15:28:02,798 root | Called GET API list
INFO 2025-06-24 15:28:02,812 django.server | "GET /api/ipo/paginated/?page=1 HTTP/1.1" 200 769
INFO 2025-06-24 15:28:14,988 root | Called GET API list
INFO 2025-06-24 15:28:15,007 django.server | "GET /api/ipo/paginated/?page=1 HTTP/1.1" 200 769
INFO 2025-06-24 15:28:15,081 root | Called GET API list
INFO 2025-06-24 15:28:15,102 django.server | "GET /api/ipo/paginated/?page=1 HTTP/1.1" 200 769
INFO 2025-06-24 15:31:55,324 django.server | "OPTIONS /api/ipo/ HTTP/1.1" 200 0
INFO 2025-06-24 15:31:55,393 root | Called POST API list
NoneType: None
WARNING 2025-06-24 15:31:55,461 django.request | Bad Request: /api/ipo/
WARNING 2025-06-24 15:31:55,461 django.server | "POST /api/ipo/ HTTP/1.1" 400 59
INFO 2025-06-24 15:34:49,162 root | Called GET API list
INFO 2025-06-24 15:34:49,186 django.server | "GET /api/ipo/paginated/?page=1 HTTP/1.1" 200 769
INFO 2025-06-24 15:34:49,258 root | Called GET API list
INFO 2025-06-24 15:34:49,271 django.server | "GET /api/ipo/paginated/?page=1 HTTP/1.1" 200 769
INFO 2025-06-24 15:36:44,927 root | Called POST API list
NoneType: None
INFO 2025-06-24 15:36:44,952 django.server | "POST /api/ipo/ HTTP/1.1" 201 475
INFO 2025-06-24 15:36:45,029 root | Called GET API list
INFO 2025-06-24 15:36:45,056 django.server | "GET /api/ipo/paginated/?page=1 HTTP/1.1" 200 1245
INFO 2025-06-24 15:37:34,225 django.server | "OPTIONS /api/ipo/10/ HTTP/1.1" 200 0
INFO 2025-06-24 15:37:34,317 root | Called PUT API for id
NoneType: None
INFO 2025-06-24 15:37:34,338 django.server | "PUT /api/ipo/10/ HTTP/1.1" 200 390
INFO 2025-06-24 15:37:34,530 root | Called GET API list
INFO 2025-06-24 15:37:34,546 django.server | "GET /api/ipo/paginated/?page=1 HTTP/1.1" 200 1245
INFO 2025-06-24 15:37:48,250 root | Called DELETE API for id
NoneType: None
INFO 2025-06-24 15:37:48,266 django.server | "DELETE /api/ipo/10/ HTTP/1.1" 204 0
INFO 2025-06-24 15:37:48,341 root | Called GET API list
INFO 2025-06-24 15:37:48,358 django.server | "GET /api/ipo/paginated/?page=1 HTTP/1.1" 200 855
INFO 2025-06-24 15:39:00,342 root | Called POST API list
NoneType: None
INFO 2025-06-24 15:39:00,374 django.server | "POST /api/ipo/ HTTP/1.1" 201 475
INFO 2025-06-24 15:39:00,554 root | Called GET API list
INFO 2025-06-24 15:39:00,571 django.server | "GET /api/ipo/paginated/?page=1 HTTP/1.1" 200 900
INFO 2025-06-24 15:39:08,339 django.server | "OPTIONS /api/ipo/paginated/?page=2 HTTP/1.1" 200 0
INFO 2025-06-24 15:39:08,445 root | Called GET API list
INFO 2025-06-24 15:39:08,454 django.server | "GET /api/ipo/paginated/?page=2 HTTP/1.1" 200 565
INFO 2025-06-24 15:39:10,768 root | Called GET API list
INFO 2025-06-24 15:39:10,785 django.server | "GET /api/ipo/paginated/?page=1 HTTP/1.1" 200 900
INFO 2025-06-24 15:40:33,196 root | Called POST API list
NoneType: None
INFO 2025-06-24 15:40:33,223 django.server | "POST /api/ipo/ HTTP/1.1" 201 475
INFO 2025-06-24 15:40:33,306 root | Called GET API list
INFO 2025-06-24 15:40:33,322 django.server | "GET /api/ipo/paginated/?page=1 HTTP/1.1" 200 900
INFO 2025-06-24 15:40:36,877 root | Called GET API list
INFO 2025-06-24 15:40:36,888 django.server | "GET /api/ipo/paginated/?page=2 HTTP/1.1" 200 1041
INFO 2025-06-24 15:41:50,187 root | Called GET API list
INFO 2025-06-24 15:41:50,205 django.server | "GET /api/ipo/paginated/?page=1 HTTP/1.1" 200 900
INFO 2025-06-24 15:41:51,724 root | Called GET API list
INFO 2025-06-24 15:41:51,748 django.server | "GET /api/ipo/paginated/?page=2 HTTP/1.1" 200 1041
INFO 2025-06-24 15:41:58,132 root | Called GET API list
INFO 2025-06-24 15:41:58,156 django.server | "GET /api/ipo/paginated/?page=1 HTTP/1.1" 200 900
INFO 2025-06-24 15:42:16,487 root | Called GET API list
INFO 2025-06-24 15:42:16,503 django.server | "GET /api/ipo/paginated/?page=2 HTTP/1.1" 200 1041
INFO 2025-06-24 15:43:54,827 root | Called GET API list
INFO 2025-06-24 15:43:54,841 django.server | "GET /api/ipo/paginated/?page=1 HTTP/1.1" 200 900
INFO 2025-06-24 15:44:10,809 root | Called GET API list
INFO 2025-06-24 15:44:10,825 django.server | "GET /api/ipo/paginated/?page=2 HTTP/1.1" 200 1041
INFO 2025-06-24 15:44:48,538 root | Called GET API list
INFO 2025-06-24 15:44:48,563 django.server | "GET /api/ipo/paginated/?page=1 HTTP/1.1" 200 900
WARNING 2025-06-24 16:01:53,301 django.request | Unauthorized: /api/ipo/paginated/
WARNING 2025-06-24 16:01:53,301 django.server | "GET /api/ipo/paginated/?page=1 HTTP/1.1" 401 172
WARNING 2025-06-24 16:01:53,301 django.request | Unauthorized: /api/ipo/paginated/
WARNING 2025-06-24 16:01:53,301 django.server | "GET /api/ipo/paginated/?page=1 HTTP/1.1" 401 172
INFO 2025-06-24 16:01:53,364 root | Called GET API list
INFO 2025-06-24 16:01:53,380 django.server | "GET /api/ipo/paginated/?page=1 HTTP/1.1" 200 900
INFO 2025-06-24 16:01:53,467 root | Called GET API list
INFO 2025-06-24 16:01:53,483 django.server | "GET /api/ipo/paginated/?page=1 HTTP/1.1" 200 900
WARNING 2025-06-24 16:01:54,286 django.request | Unauthorized: /api/ipo/paginated/
WARNING 2025-06-24 16:01:54,286 django.server | "GET /api/ipo/paginated/?page=1 HTTP/1.1" 401 172
INFO 2025-06-24 16:01:54,386 root | Called GET API list
INFO 2025-06-24 16:01:54,413 django.server | "GET /api/ipo/paginated/?page=1 HTTP/1.1" 200 900
INFO 2025-06-24 16:02:00,387 root | Called GET API list
INFO 2025-06-24 16:02:00,408 django.server | "GET /api/ipo/paginated/?page=1 HTTP/1.1" 200 900
INFO 2025-06-24 16:02:00,515 root | Called GET API list
INFO 2025-06-24 16:02:00,534 django.server | "GET /api/ipo/paginated/?page=1 HTTP/1.1" 200 900
INFO 2025-06-24 16:02:04,314 root | Called GET API list
INFO 2025-06-24 16:02:04,338 django.server | "GET /api/ipo/paginated/?page=2 HTTP/1.1" 200 1041
INFO 2025-06-24 16:02:13,784 root | Called GET API list
INFO 2025-06-24 16:02:13,814 django.server | "GET /api/ipo/paginated/?page=1 HTTP/1.1" 200 900
INFO 2025-06-24 16:02:13,888 root | Called GET API list
INFO 2025-06-24 16:02:13,909 django.server | "GET /api/ipo/paginated/?page=1 HTTP/1.1" 200 900
INFO 2025-06-24 16:02:27,508 django.server | "OPTIONS /api/ipo/9/ HTTP/1.1" 200 0
INFO 2025-06-24 16:02:27,636 root | Called PUT API for id
NoneType: None
INFO 2025-06-24 16:02:27,660 django.server | "PUT /api/ipo/9/ HTTP/1.1" 200 387
INFO 2025-06-24 16:02:27,845 root | Called GET API list
INFO 2025-06-24 16:02:27,864 django.server | "GET /api/ipo/paginated/?page=1 HTTP/1.1" 200 900
WARNING 2025-06-24 16:02:51,300 django.request | Unauthorized: /api/ipo/paginated/
WARNING 2025-06-24 16:02:51,300 django.server | "GET /api/ipo/paginated/?page=1 HTTP/1.1" 401 172
WARNING 2025-06-24 16:02:51,318 django.request | Unauthorized: /api/ipo/paginated/
WARNING 2025-06-24 16:02:51,318 django.server | "GET /api/ipo/paginated/?page=1 HTTP/1.1" 401 172
INFO 2025-06-24 16:02:51,365 root | Called GET API list
INFO 2025-06-24 16:02:51,380 django.server | "GET /api/ipo/paginated/?page=1 HTTP/1.1" 200 900
INFO 2025-06-24 16:02:51,458 root | Called GET API list
INFO 2025-06-24 16:02:51,474 django.server | "GET /api/ipo/paginated/?page=1 HTTP/1.1" 200 900
WARNING 2025-06-24 16:06:05,296 django.request | Unauthorized: /api/ipo/paginated/
WARNING 2025-06-24 16:06:05,296 django.server | "GET /api/ipo/paginated/?page=1 HTTP/1.1" 401 172
INFO 2025-06-24 16:06:05,372 root | Called GET API list
INFO 2025-06-24 16:06:05,398 django.server | "GET /api/ipo/paginated/?page=1 HTTP/1.1" 200 900
INFO 2025-06-24 16:06:11,098 root | Called GET API list
INFO 2025-06-24 16:06:11,123 django.server | "GET /api/ipo/paginated/?page=1 HTTP/1.1" 200 900
INFO 2025-06-24 16:06:11,192 root | Called GET API list
INFO 2025-06-24 16:06:11,209 django.server | "GET /api/ipo/paginated/?page=1 HTTP/1.1" 200 900
INFO 2025-06-24 16:06:22,782 root | Called GET API list
INFO 2025-06-24 16:06:22,800 django.server | "GET /api/ipo/paginated/?page=2 HTTP/1.1" 200 1041
INFO 2025-06-24 16:06:24,914 root | Called GET API list
INFO 2025-06-24 16:06:24,931 django.server | "GET /api/ipo/paginated/?page=2 HTTP/1.1" 200 1041
INFO 2025-06-24 16:06:26,277 root | Called GET API list
INFO 2025-06-24 16:06:26,298 django.server | "GET /api/ipo/paginated/?page=1 HTTP/1.1" 200 900
INFO 2025-06-24 16:07:33,538 root | Called POST API list
NoneType: None
INFO 2025-06-24 16:07:33,563 django.server | "POST /api/ipo/ HTTP/1.1" 201 475
INFO 2025-06-24 16:07:33,638 root | Called GET API list
INFO 2025-06-24 16:07:33,654 django.server | "GET /api/ipo/paginated/?page=1 HTTP/1.1" 200 900
INFO 2025-06-24 16:07:37,433 root | Called GET API list
INFO 2025-06-24 16:07:37,451 django.server | "GET /api/ipo/paginated/?page=2 HTTP/1.1" 200 1517
INFO 2025-06-24 16:07:40,257 root | Called GET API list
INFO 2025-06-24 16:07:40,273 django.server | "GET /api/ipo/paginated/?page=1 HTTP/1.1" 200 900
INFO 2025-06-24 16:07:42,648 root | Called GET API list
INFO 2025-06-24 16:07:42,673 django.server | "GET /api/ipo/paginated/?page=2 HTTP/1.1" 200 1517
WARNING 2025-06-24 16:08:02,290 django.request | Unauthorized: /api/ipo/paginated/
WARNING 2025-06-24 16:08:02,291 django.server | "GET /api/ipo/paginated/?page=1 HTTP/1.1" 401 172
INFO 2025-06-24 16:08:02,357 root | Called GET API list
INFO 2025-06-24 16:08:02,374 django.server | "GET /api/ipo/paginated/?page=1 HTTP/1.1" 200 900
INFO 2025-06-24 16:08:06,343 root | Called GET API list
INFO 2025-06-24 16:08:06,359 django.server | "GET /api/ipo/paginated/?page=1 HTTP/1.1" 200 900
INFO 2025-06-24 16:08:06,541 root | Called GET API list
INFO 2025-06-24 16:08:06,557 django.server | "GET /api/ipo/paginated/?page=1 HTTP/1.1" 200 900
INFO 2025-06-24 16:08:09,224 root | Called GET API list
INFO 2025-06-24 16:08:09,251 django.server | "GET /api/ipo/paginated/?page=2 HTTP/1.1" 200 1517
WARNING 2025-06-24 16:08:31,288 django.request | Unauthorized: /api/ipo/paginated/
WARNING 2025-06-24 16:08:31,288 django.server | "GET /api/ipo/paginated/?page=1 HTTP/1.1" 401 172
INFO 2025-06-24 16:08:31,350 root | Called GET API list
INFO 2025-06-24 16:08:31,382 django.server | "GET /api/ipo/paginated/?page=1 HTTP/1.1" 200 900
INFO 2025-06-24 16:15:54,166 root | Called GET API list
INFO 2025-06-24 16:15:54,183 django.server | "GET /api/ipo/paginated/?page=1 HTTP/1.1" 200 900
INFO 2025-06-24 16:15:54,256 root | Called GET API list
INFO 2025-06-24 16:15:54,281 django.server | "GET /api/ipo/paginated/?page=1 HTTP/1.1" 200 900
INFO 2025-06-24 16:18:33,160 django.utils.autoreload | D:\New_Repo\bluestock_restful_api\backend\ipo_project\ipo_project\settings.py changed, reloading.
INFO 2025-06-24 16:18:34,609 django.utils.autoreload | Watching for file changes with StatReloader
INFO 2025-06-24 18:41:30,455 django.utils.autoreload | Watching for file changes with StatReloader
INFO 2025-06-24 18:42:00,451 django.server | "OPTIONS /api/login/ HTTP/1.1" 200 0
INFO 2025-06-24 18:42:02,300 django.server | "POST /api/login/ HTTP/1.1" 200 564
INFO 2025-06-24 18:42:02,349 django.server | "OPTIONS /api/ipo/paginated/?page=1 HTTP/1.1" 200 0
INFO 2025-06-24 18:42:02,357 django.server | "OPTIONS /api/ipo/paginated/?page=1 HTTP/1.1" 200 0
INFO 2025-06-24 18:42:02,441 root | Called GET API list
INFO 2025-06-24 18:42:02,468 django.server | "GET /api/ipo/paginated/?page=1 HTTP/1.1" 200 52
INFO 2025-06-24 18:42:02,550 root | Called GET API list
INFO 2025-06-24 18:42:02,554 django.server | "GET /api/ipo/paginated/?page=1 HTTP/1.1" 200 52
INFO 2025-06-24 18:45:36,790 root | Called GET API list
INFO 2025-06-24 18:45:36,793 django.server | "GET /api/ipo/paginated/?page=1 HTTP/1.1" 200 52
INFO 2025-06-24 18:45:36,876 root | Called GET API list
INFO 2025-06-24 18:45:36,879 django.server | "GET /api/ipo/paginated/?page=1 HTTP/1.1" 200 52
INFO 2025-06-24 19:26:43,449 django.server | "POST /api/login/ HTTP/1.1" 200 564
INFO 2025-06-24 19:26:43,569 root | Called GET API list
INFO 2025-06-24 19:26:43,573 django.server | "GET /api/ipo/paginated/?page=1 HTTP/1.1" 200 52
INFO 2025-06-24 19:26:43,645 root | Called GET API list
INFO 2025-06-24 19:26:43,648 django.server | "GET /api/ipo/paginated/?page=1 HTTP/1.1" 200 52
INFO 2025-06-24 20:13:55,040 root | Called GET API list
INFO 2025-06-24 20:13:55,045 django.server | "GET /api/ipo/paginated/?page=1 HTTP/1.1" 200 52
INFO 2025-06-24 20:15:02,240 root | Called GET API list
INFO 2025-06-24 20:15:02,245 django.server | "GET /api/ipo/paginated/?page=1 HTTP/1.1" 200 52
INFO 2025-06-24 20:15:02,345 root | Called GET API list
INFO 2025-06-24 20:15:02,348 django.server | "GET /api/ipo/paginated/?page=1 HTTP/1.1" 200 52
INFO 2025-06-24 20:42:59,166 django.server | "OPTIONS /api/ipo/ HTTP/1.1" 200 0
WARNING 2025-06-24 20:42:59,189 django.request | Unauthorized: /api/ipo/
WARNING 2025-06-24 20:42:59,190 django.server | "POST /api/ipo/ HTTP/1.1" 401 172
WARNING 2025-06-24 20:43:01,796 django.request | Unauthorized: /api/ipo/
WARNING 2025-06-24 20:43:01,796 django.server | "POST /api/ipo/ HTTP/1.1" 401 172
WARNING 2025-06-24 20:43:02,436 django.request | Unauthorized: /api/ipo/
WARNING 2025-06-24 20:43:02,437 django.server | "POST /api/ipo/ HTTP/1.1" 401 172
WARNING 2025-06-24 20:43:03,072 django.request | Unauthorized: /api/ipo/
WARNING 2025-06-24 20:43:03,073 django.server | "POST /api/ipo/ HTTP/1.1" 401 172
WARNING 2025-06-24 20:43:04,029 django.request | Unauthorized: /api/ipo/
WARNING 2025-06-24 20:43:04,030 django.server | "POST /api/ipo/ HTTP/1.1" 401 172
INFO 2025-06-24 21:22:33,667 django.server | "GET / HTTP/1.1" 302 0
WARNING 2025-06-24 21:22:34,146 django.request | Method Not Allowed: /api/signup/
WARNING 2025-06-24 21:22:34,147 django.server | "GET /api/signup/ HTTP/1.1" 405 7906
INFO 2025-06-24 21:22:34,487 django.server | "GET / HTTP/1.1" 302 0
WARNING 2025-06-24 21:22:34,527 django.request | Method Not Allowed: /api/signup/
WARNING 2025-06-24 21:22:34,527 django.server | "GET /api/signup/ HTTP/1.1" 405 7906
WARNING 2025-06-24 21:22:35,529 django.request | Not Found: /favicon.ico
WARNING 2025-06-24 21:22:35,530 django.server | "GET /favicon.ico HTTP/1.1" 404 2685
WARNING 2025-06-24 21:22:41,113 django.request | Method Not Allowed: /api/login/
WARNING 2025-06-24 21:22:41,115 django.server | "GET /api/login/ HTTP/1.1" 405 7490
WARNING 2025-06-24 21:22:42,031 django.request | Method Not Allowed: /api/login/
WARNING 2025-06-24 21:22:42,031 django.server | "GET /api/login/ HTTP/1.1" 405 7490
INFO 2025-06-24 21:22:56,009 django.server | "POST /api/login/ HTTP/1.1" 200 8165
WARNING 2025-06-24 21:25:02,478 django.request | Not Found: /api/ipo 
WARNING 2025-06-24 21:25:02,479 django.server | "GET /api/ipo%20 HTTP/1.1" 404 10479
WARNING 2025-06-24 21:26:17,966 django.request | Not Found: /api/ipo/2/ 
WARNING 2025-06-24 21:26:17,967 django.server | "GET /api/ipo/2/%20 HTTP/1.1" 404 10488
INFO 2025-06-24 21:26:31,717 root | Called GET API list
INFO 2025-06-24 21:26:31,721 django.server | "GET /api/ipo/ HTTP/1.1" 200 52
WARNING 2025-06-24 23:07:24,593 django.request | Unauthorized: /api/ipo/
WARNING 2025-06-24 23:07:24,594 django.server | "GET /api/ipo/ HTTP/1.1" 401 172
WARNING 2025-06-24 23:12:02,079 django.request | Unauthorized: /api/ipo/
WARNING 2025-06-24 23:12:02,080 django.server | "GET /api/ipo/ HTTP/1.1" 401 172
WARNING 2025-06-24 23:12:47,686 django.request | Unauthorized: /api/ipo/
WARNING 2025-06-24 23:12:47,686 django.server | "GET /api/ipo/ HTTP/1.1" 401 172
WARNING 2025-06-24 23:13:18,888 django.request | Unauthorized: /api/ipo/
WARNING 2025-06-24 23:13:18,889 django.server | "GET /api/ipo/ HTTP/1.1" 401 172
WARNING 2025-06-24 23:13:22,871 django.request | Unauthorized: /api/ipo/
WARNING 2025-06-24 23:13:22,872 django.server | "GET /api/ipo/ HTTP/1.1" 401 172
WARNING 2025-06-24 23:14:28,078 django.request | Unauthorized: /api/ipo/
WARNING 2025-06-24 23:14:28,085 django.server | "GET /api/ipo/ HTTP/1.1" 401 172
INFO 2025-06-24 23:14:59,732 django.server | "POST /api/login/ HTTP/1.1" 200 8165
INFO 2025-06-24 23:14:59,769 django.server | "GET /static/rest_framework/css/bootstrap.min.css HTTP/1.1" 304 0
INFO 2025-06-24 23:14:59,774 django.server | "GET /static/rest_framework/css/bootstrap-tweaks.css HTTP/1.1" 304 0
INFO 2025-06-24 23:14:59,787 django.server | "GET /static/rest_framework/js/jquery-3.7.1.min.js HTTP/1.1" 304 0
INFO 2025-06-24 23:14:59,788 django.server | "GET /static/rest_framework/js/bootstrap.min.js HTTP/1.1" 304 0
INFO 2025-06-24 23:14:59,790 django.server | "GET /static/rest_framework/css/prettify.css HTTP/1.1" 304 0
INFO 2025-06-24 23:14:59,809 django.server | "GET /static/rest_framework/js/prettify-min.js HTTP/1.1" 304 0
INFO 2025-06-24 23:14:59,816 django.server | "GET /static/rest_framework/js/load-ajax-form.js HTTP/1.1" 304 0
INFO 2025-06-24 23:14:59,817 django.server | "GET /static/rest_framework/js/default.js HTTP/1.1" 304 0
INFO 2025-06-24 23:14:59,823 django.server | "GET /static/rest_framework/css/default.css HTTP/1.1" 304 0
INFO 2025-06-24 23:14:59,856 django.server | "GET /static/rest_framework/js/csrf.js HTTP/1.1" 304 0
INFO 2025-06-24 23:14:59,856 django.server | "GET /static/rest_framework/js/ajax-form.js HTTP/1.1" 304 0
INFO 2025-06-24 23:14:59,862 django.server | "GET /static/rest_framework/img/grid.png HTTP/1.1" 304 0
WARNING 2025-06-24 23:15:45,391 django.request | Unauthorized: /api/ipo/
WARNING 2025-06-24 23:15:45,391 django.server | "GET /api/ipo/ HTTP/1.1" 401 172
WARNING 2025-06-24 23:30:57,362 django.request | Unauthorized: /api/ipo/
WARNING 2025-06-24 23:30:57,363 django.server | "GET /api/ipo/ HTTP/1.1" 401 172
WARNING 2025-06-24 23:31:55,596 django.request | Unauthorized: /api/ipo/
WARNING 2025-06-24 23:31:55,597 django.server | "GET /api/ipo/ HTTP/1.1" 401 172
INFO 2025-06-24 23:33:56,900 django.utils.autoreload | Watching for file changes with StatReloader
INFO 2025-06-25 10:16:52,376 django.utils.autoreload | Watching for file changes with StatReloader
INFO 2025-06-25 10:17:46,398 django.server | "OPTIONS /api/login/ HTTP/1.1" 200 0
INFO 2025-06-25 10:17:47,977 django.server | "POST /api/login/ HTTP/1.1" 200 564
INFO 2025-06-25 10:17:48,031 django.server | "OPTIONS /api/ipo/paginated/?page=1 HTTP/1.1" 200 0
INFO 2025-06-25 10:17:48,037 django.server | "OPTIONS /api/ipo/paginated/?page=1 HTTP/1.1" 200 0
INFO 2025-06-25 10:17:48,156 root | Called GET API list
INFO 2025-06-25 10:17:48,184 django.server | "GET /api/ipo/paginated/?page=1 HTTP/1.1" 200 52
INFO 2025-06-25 10:17:48,266 root | Called GET API list
INFO 2025-06-25 10:17:48,269 django.server | "GET /api/ipo/paginated/?page=1 HTTP/1.1" 200 52
INFO 2025-06-25 10:28:55,464 django.server | "GET / HTTP/1.1" 302 0
WARNING 2025-06-25 10:28:55,473 django.request | Method Not Allowed: /api/signup/
WARNING 2025-06-25 10:28:55,474 django.server | "GET /api/signup/ HTTP/1.1" 405 40
INFO 2025-06-25 10:30:25,208 django.server | "GET / HTTP/1.1" 302 0
WARNING 2025-06-25 10:30:25,580 django.request | Method Not Allowed: /api/signup/
WARNING 2025-06-25 10:30:25,581 django.server | "GET /api/signup/ HTTP/1.1" 405 7906
INFO 2025-06-25 10:30:26,210 django.server | "GET / HTTP/1.1" 302 0
WARNING 2025-06-25 10:30:26,239 django.request | Method Not Allowed: /api/signup/
WARNING 2025-06-25 10:30:26,240 django.server | "GET /api/signup/ HTTP/1.1" 405 7906
WARNING 2025-06-25 10:30:33,017 django.request | Not Found: /api/signin/
WARNING 2025-06-25 10:30:33,017 django.server | "GET /api/signin/ HTTP/1.1" 404 10486
WARNING 2025-06-25 10:30:37,493 django.request | Method Not Allowed: /api/login/
WARNING 2025-06-25 10:30:37,494 django.server | "GET /api/login/ HTTP/1.1" 405 7490
WARNING 2025-06-25 10:30:37,794 django.request | Method Not Allowed: /api/login/
WARNING 2025-06-25 10:30:37,795 django.server | "GET /api/login/ HTTP/1.1" 405 7490
INFO 2025-06-25 10:30:45,967 django.server | "POST /api/login/ HTTP/1.1" 200 8165
INFO 2025-06-25 10:31:00,875 root | Called GET API list
INFO 2025-06-25 10:31:00,882 django.server | "GET /api/ipo/ HTTP/1.1" 200 52
INFO 2025-06-25 10:32:03,865 root | Called GET API list
INFO 2025-06-25 10:32:03,869 django.server | "GET /api/ipo/ HTTP/1.1" 200 52
INFO 2025-06-25 10:32:53,730 root | Called POST API list
NoneType: None
INFO 2025-06-25 10:32:53,843 django.server | "POST /api/ipo/ HTTP/1.1" 201 559
INFO 2025-06-25 10:33:15,603 root | Called GET API list
INFO 2025-06-25 10:33:15,618 django.server | "GET /api/ipo/paginated/?page=1 HTTP/1.1" 200 611
INFO 2025-06-25 10:33:15,742 root | Called GET API list
INFO 2025-06-25 10:33:15,757 django.server | "GET /api/ipo/paginated/?page=1 HTTP/1.1" 200 611
INFO 2025-06-25 10:58:26,299 root | Called GET API list
INFO 2025-06-25 10:58:26,318 django.server | "GET /api/ipo/paginated/?page=1 HTTP/1.1" 200 611
INFO 2025-06-25 10:58:49,368 django.server | "OPTIONS /api/ipo/1/ HTTP/1.1" 200 0
INFO 2025-06-25 10:58:49,475 root | Called PUT API for id
NoneType: None
WARNING 2025-06-25 10:58:49,477 django.request | Bad Request: /api/ipo/1/
WARNING 2025-06-25 10:58:49,478 django.server | "PUT /api/ipo/1/ HTTP/1.1" 400 50
INFO 2025-06-25 10:58:52,920 root | Called PUT API for id
NoneType: None
WARNING 2025-06-25 10:58:52,922 django.request | Bad Request: /api/ipo/1/
WARNING 2025-06-25 10:58:52,923 django.server | "PUT /api/ipo/1/ HTTP/1.1" 400 50
INFO 2025-06-25 10:58:53,609 root | Called PUT API for id
NoneType: None
WARNING 2025-06-25 10:58:53,612 django.request | Bad Request: /api/ipo/1/
WARNING 2025-06-25 10:58:53,613 django.server | "PUT /api/ipo/1/ HTTP/1.1" 400 50
INFO 2025-06-25 10:59:02,485 root | Called PUT API for id
NoneType: None
WARNING 2025-06-25 10:59:02,487 django.request | Bad Request: /api/ipo/1/
WARNING 2025-06-25 10:59:02,487 django.server | "PUT /api/ipo/1/ HTTP/1.1" 400 48
INFO 2025-06-25 10:59:30,066 root | Called POST API list
NoneType: None
WARNING 2025-06-25 10:59:30,070 django.request | Bad Request: /api/ipo/
WARNING 2025-06-25 10:59:30,071 django.server | "POST /api/ipo/ HTTP/1.1" 400 62
INFO 2025-06-25 10:59:54,341 root | Called POST API list
NoneType: None
INFO 2025-06-25 10:59:54,374 django.server | "POST /api/ipo/ HTTP/1.1" 201 561
INFO 2025-06-25 11:00:29,705 root | Called GET API list
INFO 2025-06-25 11:00:29,718 django.server | "GET /api/ipo/paginated/?page=1 HTTP/1.1" 200 1173
INFO 2025-06-25 11:00:29,798 root | Called GET API list
INFO 2025-06-25 11:00:29,813 django.server | "GET /api/ipo/paginated/?page=1 HTTP/1.1" 200 1173
INFO 2025-06-25 11:00:37,074 root | Called DELETE API for id
NoneType: None
INFO 2025-06-25 11:00:37,086 django.server | "DELETE /api/ipo/1/ HTTP/1.1" 204 0
INFO 2025-06-25 11:00:37,182 root | Called GET API list
INFO 2025-06-25 11:00:37,195 django.server | "GET /api/ipo/paginated/?page=1 HTTP/1.1" 200 736
INFO 2025-06-25 11:05:43,909 root | Called GET API list
INFO 2025-06-25 11:05:43,930 django.server | "GET /api/ipo/paginated/?page=1 HTTP/1.1" 200 736
INFO 2025-06-25 11:05:44,175 root | Called GET API list
INFO 2025-06-25 11:05:44,195 django.server | "GET /api/ipo/paginated/?page=1 HTTP/1.1" 200 736
INFO 2025-06-25 11:06:35,664 django.server | "OPTIONS /api/login/ HTTP/1.1" 200 0
INFO 2025-06-25 11:06:37,127 django.server | "POST /api/login/ HTTP/1.1" 200 564
INFO 2025-06-25 11:06:37,174 django.server | "OPTIONS /api/ipo/paginated/?page=1 HTTP/1.1" 200 0
INFO 2025-06-25 11:06:37,295 root | Called GET API list
INFO 2025-06-25 11:06:37,309 django.server | "GET /api/ipo/paginated/?page=1 HTTP/1.1" 200 736
INFO 2025-06-25 11:06:37,393 root | Called GET API list
INFO 2025-06-25 11:06:37,404 django.server | "GET /api/ipo/paginated/?page=1 HTTP/1.1" 200 736
WARNING 2025-06-25 12:13:16,089 django.request | Unauthorized: /api/ipo/paginated/
WARNING 2025-06-25 12:13:16,416 django.server | "GET /api/ipo/paginated/?page=1 HTTP/1.1" 401 172
WARNING 2025-06-25 12:13:16,421 django.request | Unauthorized: /api/ipo/paginated/
WARNING 2025-06-25 12:13:16,421 django.server | "GET /api/ipo/paginated/?page=1 HTTP/1.1" 401 172
WARNING 2025-06-25 12:13:19,579 django.request | Unauthorized: /api/ipo/paginated/
WARNING 2025-06-25 12:13:19,580 django.server | "GET /api/ipo/paginated/?page=1 HTTP/1.1" 401 172
WARNING 2025-06-25 12:13:19,587 django.request | Unauthorized: /api/ipo/paginated/
WARNING 2025-06-25 12:13:19,589 django.server | "GET /api/ipo/paginated/?page=1 HTTP/1.1" 401 172
WARNING 2025-06-25 12:21:31,178 django.request | Unauthorized: /api/ipo/paginated/
WARNING 2025-06-25 12:21:31,179 django.server | "GET /api/ipo/paginated/?page=1 HTTP/1.1" 401 172
WARNING 2025-06-25 12:22:00,208 django.request | Unauthorized: /api/ipo/paginated/
WARNING 2025-06-25 12:22:00,209 django.server | "GET /api/ipo/paginated/?page=1 HTTP/1.1" 401 172
WARNING 2025-06-25 12:22:36,138 django.request | Unauthorized: /api/ipo/paginated/
WARNING 2025-06-25 12:22:36,138 django.server | "GET /api/ipo/paginated/?page=1 HTTP/1.1" 401 172
WARNING 2025-06-25 12:23:04,139 django.request | Unauthorized: /api/ipo/paginated/
WARNING 2025-06-25 12:23:04,139 django.server | "GET /api/ipo/paginated/?page=1 HTTP/1.1" 401 172
WARNING 2025-06-25 12:23:16,142 django.request | Unauthorized: /api/ipo/paginated/
WARNING 2025-06-25 12:23:16,143 django.server | "GET /api/ipo/paginated/?page=1 HTTP/1.1" 401 172
INFO 2025-06-25 12:23:51,749 django.server | "OPTIONS /api/ipo/paginated/?page=1 HTTP/1.1" 200 0
WARNING 2025-06-25 12:23:51,754 django.request | Unauthorized: /api/ipo/paginated/
INFO 2025-06-25 12:23:51,755 django.server | "OPTIONS /api/ipo/paginated/?page=1 HTTP/1.1" 200 0
WARNING 2025-06-25 12:23:51,756 django.server | "GET /api/ipo/paginated/?page=1 HTTP/1.1" 401 172
WARNING 2025-06-25 12:23:51,761 django.request | Unauthorized: /api/ipo/paginated/
WARNING 2025-06-25 12:23:51,761 django.server | "GET /api/ipo/paginated/?page=1 HTTP/1.1" 401 172
WARNING 2025-06-25 12:26:40,158 django.request | Unauthorized: /api/ipo/paginated/
WARNING 2025-06-25 12:26:40,162 django.request | Unauthorized: /api/ipo/paginated/
WARNING 2025-06-25 12:26:40,163 django.server | "GET /api/ipo/paginated/?page=1 HTTP/1.1" 401 172
WARNING 2025-06-25 12:26:40,163 django.server | "GET /api/ipo/paginated/?page=1 HTTP/1.1" 401 172
WARNING 2025-06-25 12:28:07,140 django.request | Unauthorized: /api/ipo/paginated/
WARNING 2025-06-25 12:28:07,140 django.server | "GET /api/ipo/paginated/?page=1 HTTP/1.1" 401 172
WARNING 2025-06-25 12:28:07,144 django.request | Unauthorized: /api/ipo/paginated/
WARNING 2025-06-25 12:28:07,145 django.server | "GET /api/ipo/paginated/?page=1 HTTP/1.1" 401 172
WARNING 2025-06-25 12:31:06,173 django.request | Unauthorized: /api/ipo/paginated/
WARNING 2025-06-25 12:31:06,174 django.server | "GET /api/ipo/paginated/?page=1 HTTP/1.1" 401 172
WARNING 2025-06-25 12:31:06,180 django.request | Unauthorized: /api/ipo/paginated/
WARNING 2025-06-25 12:31:06,181 django.server | "GET /api/ipo/paginated/?page=1 HTTP/1.1" 401 172
WARNING 2025-06-25 12:32:13,138 django.request | Unauthorized: /api/ipo/paginated/
WARNING 2025-06-25 12:32:13,139 django.server | "GET /api/ipo/paginated/?page=1 HTTP/1.1" 401 172
WARNING 2025-06-25 12:32:13,143 django.request | Unauthorized: /api/ipo/paginated/
WARNING 2025-06-25 12:32:13,144 django.server | "GET /api/ipo/paginated/?page=1 HTTP/1.1" 401 172
WARNING 2025-06-25 12:34:10,158 django.request | Unauthorized: /api/ipo/paginated/
WARNING 2025-06-25 12:34:10,161 django.request | Unauthorized: /api/ipo/paginated/
WARNING 2025-06-25 12:34:10,162 django.server | "GET /api/ipo/paginated/?page=1 HTTP/1.1" 401 172
WARNING 2025-06-25 12:34:10,163 django.server | "GET /api/ipo/paginated/?page=1 HTTP/1.1" 401 172
WARNING 2025-06-25 12:34:38,170 django.request | Unauthorized: /api/ipo/
WARNING 2025-06-25 12:34:38,170 django.server | "POST /api/ipo/ HTTP/1.1" 401 172
WARNING 2025-06-25 12:35:02,343 django.request | Not Found: /api/refresh/
WARNING 2025-06-25 12:35:02,343 django.server | "GET /api/refresh/ HTTP/1.1" 404 10489
WARNING 2025-06-25 12:35:37,447 django.request | Method Not Allowed: /api/token/refresh/
WARNING 2025-06-25 12:35:37,448 django.server | "GET /api/token/refresh/ HTTP/1.1" 405 7409
WARNING 2025-06-25 12:35:38,913 django.request | Method Not Allowed: /api/token/refresh/
WARNING 2025-06-25 12:35:38,914 django.server | "GET /api/token/refresh/ HTTP/1.1" 405 7409
WARNING 2025-06-25 12:35:59,235 django.request | Unauthorized: /api/token/refresh/
WARNING 2025-06-25 12:35:59,236 django.server | "POST /api/token/refresh/ HTTP/1.1" 401 7393
INFO 2025-06-25 12:36:30,501 django.server | "POST /api/login/ HTTP/1.1" 200 8165
INFO 2025-06-25 12:37:04,833 root | Called POST API list
NoneType: None
INFO 2025-06-25 12:37:04,855 django.server | "POST /api/ipo/ HTTP/1.1" 201 561
WARNING 2025-06-25 12:37:11,904 django.request | Unauthorized: /api/ipo/paginated/
WARNING 2025-06-25 12:37:11,904 django.server | "GET /api/ipo/paginated/?page=1 HTTP/1.1" 401 172
WARNING 2025-06-25 12:37:11,908 django.request | Unauthorized: /api/ipo/paginated/
WARNING 2025-06-25 12:37:11,909 django.server | "GET /api/ipo/paginated/?page=1 HTTP/1.1" 401 172
INFO 2025-06-25 12:37:32,156 django.server | "OPTIONS /api/login/ HTTP/1.1" 200 0
INFO 2025-06-25 12:37:33,581 django.server | "POST /api/login/ HTTP/1.1" 200 564
INFO 2025-06-25 12:37:33,824 root | Called GET API list
INFO 2025-06-25 12:37:33,842 django.server | "GET /api/ipo/paginated/?page=1 HTTP/1.1" 200 1298
INFO 2025-06-25 12:37:33,917 root | Called GET API list
INFO 2025-06-25 12:37:33,932 django.server | "GET /api/ipo/paginated/?page=1 HTTP/1.1" 200 1298
INFO 2025-06-25 12:38:50,856 root | Called GET API list
INFO 2025-06-25 12:38:50,871 django.server | "GET /api/ipo/ HTTP/1.1" 200 1298
INFO 2025-06-25 12:39:13,816 root | Called GET API list
INFO 2025-06-25 12:39:13,837 django.server | "GET /api/ipo/paginated/?page=1 HTTP/1.1" 200 1298
INFO 2025-06-25 12:39:13,929 root | Called GET API list
INFO 2025-06-25 12:39:13,945 django.server | "GET /api/ipo/paginated/?page=1 HTTP/1.1" 200 1298
INFO 2025-06-25 12:41:53,704 django.server | "POST /api/login/ HTTP/1.1" 200 564
INFO 2025-06-25 12:41:53,848 root | Called GET API list
INFO 2025-06-25 12:41:53,866 django.server | "GET /api/ipo/paginated/?page=1 HTTP/1.1" 200 1298
INFO 2025-06-25 12:41:53,951 root | Called GET API list
INFO 2025-06-25 12:41:53,964 django.server | "GET /api/ipo/paginated/?page=1 HTTP/1.1" 200 1298
INFO 2025-06-25 15:18:06,564 django.utils.autoreload | Watching for file changes with StatReloader
INFO 2025-06-25 15:20:10,832 django.server | "OPTIONS /api/login/ HTTP/1.1" 200 0
INFO 2025-06-25 15:20:12,391 django.server | "POST /api/login/ HTTP/1.1" 200 564
INFO 2025-06-25 15:20:12,440 django.server | "OPTIONS /api/ipo/paginated/?page=1 HTTP/1.1" 200 0
INFO 2025-06-25 15:20:12,450 django.server | "OPTIONS /api/ipo/paginated/?page=1 HTTP/1.1" 200 0
INFO 2025-06-25 15:20:12,538 root | Called GET API list
INFO 2025-06-25 15:20:12,578 django.server | "GET /api/ipo/paginated/?page=1 HTTP/1.1" 200 1298
INFO 2025-06-25 15:20:12,669 root | Called GET API list
INFO 2025-06-25 15:20:12,682 django.server | "GET /api/ipo/paginated/?page=1 HTTP/1.1" 200 1298
INFO 2025-06-25 15:20:20,517 django.server | "OPTIONS /api/ipo/2/ HTTP/1.1" 200 0
INFO 2025-06-25 15:20:20,599 root | Called DELETE API for id
NoneType: None
INFO 2025-06-25 15:20:20,611 django.server | "DELETE /api/ipo/2/ HTTP/1.1" 204 0
INFO 2025-06-25 15:20:20,694 root | Called GET API list
INFO 2025-06-25 15:20:20,708 django.server | "GET /api/ipo/paginated/?page=1 HTTP/1.1" 200 859
INFO 2025-06-25 15:20:23,314 django.server | "OPTIONS /api/ipo/3/ HTTP/1.1" 200 0
INFO 2025-06-25 15:20:23,398 root | Called DELETE API for id
NoneType: None
INFO 2025-06-25 15:20:23,406 django.server | "DELETE /api/ipo/3/ HTTP/1.1" 204 0
INFO 2025-06-25 15:20:23,488 root | Called GET API list
INFO 2025-06-25 15:20:23,497 django.server | "GET /api/ipo/paginated/?page=1 HTTP/1.1" 200 420
WARNING 2025-06-25 16:37:06,184 django.request | Unauthorized: /api/ipo/paginated/
WARNING 2025-06-25 16:37:06,188 django.server | "GET /api/ipo/paginated/?page=1 HTTP/1.1" 401 172
WARNING 2025-06-25 16:37:06,192 django.request | Unauthorized: /api/ipo/paginated/
WARNING 2025-06-25 16:37:06,193 django.server | "GET /api/ipo/paginated/?page=1 HTTP/1.1" 401 172
WARNING 2025-06-25 16:45:49,150 django.request | Unauthorized: /api/ipo/paginated/
WARNING 2025-06-25 16:45:49,151 django.server | "GET /api/ipo/paginated/?page=1 HTTP/1.1" 401 172
WARNING 2025-06-25 17:00:46,133 django.request | Unauthorized: /api/ipo/paginated/
WARNING 2025-06-25 17:00:46,133 django.server | "GET /api/ipo/paginated/?page=1 HTTP/1.1" 401 172
WARNING 2025-06-25 17:01:40,963 django.request | Unauthorized: /api/ipo/paginated/
WARNING 2025-06-25 17:01:40,964 django.server | "GET /api/ipo/paginated/?page=1 HTTP/1.1" 401 172
WARNING 2025-06-25 17:01:40,970 django.request | Unauthorized: /api/ipo/paginated/
WARNING 2025-06-25 17:01:40,971 django.server | "GET /api/ipo/paginated/?page=1 HTTP/1.1" 401 172
WARNING 2025-06-25 17:02:00,639 django.request | Unauthorized: /api/ipo/paginated/
WARNING 2025-06-25 17:02:00,640 django.server | "GET /api/ipo/paginated/?page=1 HTTP/1.1" 401 172
WARNING 2025-06-25 17:02:00,646 django.request | Unauthorized: /api/ipo/paginated/
WARNING 2025-06-25 17:02:00,646 django.server | "GET /api/ipo/paginated/?page=1 HTTP/1.1" 401 172
WARNING 2025-06-25 17:02:15,885 django.request | Unauthorized: /api/ipo/paginated/
WARNING 2025-06-25 17:02:15,886 django.server | "GET /api/ipo/paginated/?page=1 HTTP/1.1" 401 172
WARNING 2025-06-25 17:02:15,890 django.request | Unauthorized: /api/ipo/paginated/
WARNING 2025-06-25 17:02:15,890 django.server | "GET /api/ipo/paginated/?page=1 HTTP/1.1" 401 172
WARNING 2025-06-25 17:02:38,710 django.request | Unauthorized: /api/ipo/
WARNING 2025-06-25 17:02:38,711 django.server | "POST /api/ipo/ HTTP/1.1" 401 172
INFO 2025-06-25 17:02:50,933 django.server | "POST /api/login/ HTTP/1.1" 200 8165
INFO 2025-06-25 17:03:10,225 django.server | "POST /api/login/ HTTP/1.1" 200 8165
INFO 2025-06-25 17:03:19,209 django.server | "OPTIONS /api/ipo/paginated/?page=1 HTTP/1.1" 200 0
WARNING 2025-06-25 17:03:19,212 django.request | Unauthorized: /api/ipo/paginated/
WARNING 2025-06-25 17:03:19,213 django.server | "GET /api/ipo/paginated/?page=1 HTTP/1.1" 401 172
INFO 2025-06-25 17:03:19,215 django.server | "OPTIONS /api/ipo/paginated/?page=1 HTTP/1.1" 200 0
WARNING 2025-06-25 17:03:19,220 django.request | Unauthorized: /api/ipo/paginated/
WARNING 2025-06-25 17:03:19,220 django.server | "GET /api/ipo/paginated/?page=1 HTTP/1.1" 401 172
INFO 2025-06-25 17:03:48,113 root | Called POST API list
NoneType: None
INFO 2025-06-25 17:03:48,222 django.server | "POST /api/ipo/ HTTP/1.1" 201 561
WARNING 2025-06-25 17:03:55,528 django.request | Unauthorized: /api/ipo/paginated/
WARNING 2025-06-25 17:03:55,529 django.server | "GET /api/ipo/paginated/?page=1 HTTP/1.1" 401 172
WARNING 2025-06-25 17:03:55,532 django.request | Unauthorized: /api/ipo/paginated/
WARNING 2025-06-25 17:03:55,533 django.server | "GET /api/ipo/paginated/?page=1 HTTP/1.1" 401 172
WARNING 2025-06-25 17:04:03,524 django.request | Unauthorized: /api/ipo/paginated/
WARNING 2025-06-25 17:04:03,525 django.server | "GET /api/ipo/paginated/?page=1 HTTP/1.1" 401 172
WARNING 2025-06-25 17:04:03,530 django.request | Unauthorized: /api/ipo/paginated/
WARNING 2025-06-25 17:04:03,530 django.server | "GET /api/ipo/paginated/?page=1 HTTP/1.1" 401 172
INFO 2025-06-25 17:05:01,200 root | Called POST API list
NoneType: None
INFO 2025-06-25 17:05:01,221 django.server | "POST /api/ipo/ HTTP/1.1" 201 560
WARNING 2025-06-25 17:05:09,215 django.request | Unauthorized: /api/ipo/paginated/
WARNING 2025-06-25 17:05:09,216 django.server | "GET /api/ipo/paginated/?page=1 HTTP/1.1" 401 172
WARNING 2025-06-25 17:05:09,222 django.request | Unauthorized: /api/ipo/paginated/
WARNING 2025-06-25 17:05:09,223 django.server | "GET /api/ipo/paginated/?page=1 HTTP/1.1" 401 172
INFO 2025-06-25 17:05:25,047 django.server | "POST /api/login/ HTTP/1.1" 200 564
INFO 2025-06-25 17:05:25,185 root | Called GET API list
INFO 2025-06-25 17:05:25,205 django.server | "GET /api/ipo/paginated/?page=1 HTTP/1.1" 200 1543
INFO 2025-06-25 17:05:25,291 root | Called GET API list
INFO 2025-06-25 17:05:25,308 django.server | "GET /api/ipo/paginated/?page=1 HTTP/1.1" 200 1543
INFO 2025-06-25 17:05:31,400 django.server | "OPTIONS /api/ipo/4/ HTTP/1.1" 200 0
INFO 2025-06-25 17:05:31,486 root | Called DELETE API for id
NoneType: None
INFO 2025-06-25 17:05:31,495 django.server | "DELETE /api/ipo/4/ HTTP/1.1" 204 0
INFO 2025-06-25 17:05:31,573 root | Called GET API list
INFO 2025-06-25 17:05:31,589 django.server | "GET /api/ipo/paginated/?page=1 HTTP/1.1" 200 1104
INFO 2025-06-25 17:07:49,790 django.server | "OPTIONS /api/ipo/5/ HTTP/1.1" 200 0
INFO 2025-06-25 17:07:49,877 root | Called DELETE API for id
NoneType: None
INFO 2025-06-25 17:07:49,885 django.server | "DELETE /api/ipo/5/ HTTP/1.1" 204 0
INFO 2025-06-25 17:07:49,968 root | Called GET API list
INFO 2025-06-25 17:07:49,979 django.server | "GET /api/ipo/paginated/?page=1 HTTP/1.1" 200 665
INFO 2025-06-26 12:42:30,561 django.utils.autoreload | Watching for file changes with StatReloader
INFO 2025-06-26 12:48:47,687 django.server | "GET / HTTP/1.1" 302 0
WARNING 2025-06-26 12:48:48,262 django.request | Method Not Allowed: /api/signup/
WARNING 2025-06-26 12:48:48,262 django.server | "GET /api/signup/ HTTP/1.1" 405 7906
INFO 2025-06-26 12:48:48,576 django.server | "GET / HTTP/1.1" 302 0
WARNING 2025-06-26 12:48:48,595 django.request | Method Not Allowed: /api/signup/
WARNING 2025-06-26 12:48:48,596 django.server | "GET /api/signup/ HTTP/1.1" 405 7906
INFO 2025-06-26 12:48:48,654 django.server | "GET /static/rest_framework/css/bootstrap-tweaks.css HTTP/1.1" 304 0
INFO 2025-06-26 12:48:48,661 django.server | "GET /static/rest_framework/js/csrf.js HTTP/1.1" 304 0
INFO 2025-06-26 12:48:48,676 django.server | "GET /static/rest_framework/css/bootstrap.min.css HTTP/1.1" 304 0
INFO 2025-06-26 12:48:48,683 django.server | "GET /static/rest_framework/js/bootstrap.min.js HTTP/1.1" 304 0
INFO 2025-06-26 12:48:48,689 django.server | "GET /static/rest_framework/js/default.js HTTP/1.1" 304 0
INFO 2025-06-26 12:48:48,693 django.server | "GET /static/rest_framework/js/load-ajax-form.js HTTP/1.1" 304 0
INFO 2025-06-26 12:48:48,706 django.server | "GET /static/rest_framework/css/default.css HTTP/1.1" 304 0
INFO 2025-06-26 12:48:48,720 django.server | "GET /static/rest_framework/css/prettify.css HTTP/1.1" 304 0
INFO 2025-06-26 12:48:48,724 django.server | "GET /static/rest_framework/js/prettify-min.js HTTP/1.1" 304 0
INFO 2025-06-26 12:48:48,728 django.server | "GET /static/rest_framework/js/jquery-3.7.1.min.js HTTP/1.1" 304 0
INFO 2025-06-26 12:48:48,772 django.server | "GET /static/rest_framework/js/ajax-form.js HTTP/1.1" 304 0
INFO 2025-06-26 12:48:48,780 django.server | "GET /static/rest_framework/img/grid.png HTTP/1.1" 304 0
WARNING 2025-06-26 12:48:49,324 django.request | Not Found: /favicon.ico
WARNING 2025-06-26 12:48:49,325 django.server | "GET /favicon.ico HTTP/1.1" 404 2685
WARNING 2025-06-26 12:48:54,667 django.request | Method Not Allowed: /api/login/
WARNING 2025-06-26 12:48:54,669 django.server | "GET /api/login/ HTTP/1.1" 405 7490
WARNING 2025-06-26 12:48:55,262 django.request | Method Not Allowed: /api/login/
WARNING 2025-06-26 12:48:55,262 django.server | "GET /api/login/ HTTP/1.1" 405 7490
INFO 2025-06-26 12:49:03,157 django.server | "POST /api/login/ HTTP/1.1" 200 8165
INFO 2025-06-26 12:49:28,747 root | Called POST API list
NoneType: None
INFO 2025-06-26 12:49:28,853 django.server | "POST /api/ipo/ HTTP/1.1" 201 560
INFO 2025-06-26 12:50:19,982 root | Called GET API list
INFO 2025-06-26 12:50:20,041 django.server | "GET /api/ipo/ HTTP/1.1" 200 700
INFO 2025-06-26 12:51:47,852 django.server | "GET /api/ipo/5 HTTP/1.1" 301 0
WARNING 2025-06-26 12:51:47,945 django.request | Not Found: /api/ipo/5/
WARNING 2025-06-26 12:51:47,946 django.server | "GET /api/ipo/5/ HTTP/1.1" 404 0
INFO 2025-06-26 12:52:01,309 root | Called GET API list
INFO 2025-06-26 12:52:01,323 django.server | "GET /api/ipo/ HTTP/1.1" 200 700
INFO 2025-06-26 12:52:36,551 root | Called POST API list
NoneType: None
INFO 2025-06-26 12:52:36,572 django.server | "POST /api/ipo/ HTTP/1.1" 201 560
INFO 2025-06-26 12:52:51,183 django.server | "GET /api/ipo/7 HTTP/1.1" 301 0
INFO 2025-06-26 12:52:51,481 root | Called GET API for id
NoneType: None
INFO 2025-06-26 12:52:51,489 django.server | "GET /api/ipo/7/ HTTP/1.1" 200 439
INFO 2025-06-26 12:55:00,937 root | Called PUT API for id
NoneType: None
INFO 2025-06-26 12:55:00,959 django.server | "PUT /api/ipo/7/ HTTP/1.1" 200 439
WARNING 2025-06-26 12:56:12,296 django.request | Method Not Allowed: /api/ipo/7/
WARNING 2025-06-26 12:56:12,297 django.server | "POST /api/ipo/7/ HTTP/1.1" 405 41
ERROR 2025-06-26 12:56:18,439 django.request | Internal Server Error: /api/ipo/7
Traceback (most recent call last):
  File "C:\Users\new\AppData\Local\Programs\Python\Python313\Lib\site-packages\django\core\handlers\exception.py", line 55, in inner
    response = get_response(request)
  File "C:\Users\new\AppData\Local\Programs\Python\Python313\Lib\site-packages\django\utils\deprecation.py", line 122, in __call__
    response = self.process_response(request, response)
  File "C:\Users\new\AppData\Local\Programs\Python\Python313\Lib\site-packages\django\middleware\common.py", line 108, in process_response
    return self.response_redirect_class(self.get_full_path_with_slash(request))
                                        ~~~~~~~~~~~~~~~~~~~~~~~~~~~~~^^^^^^^^^
  File "C:\Users\new\AppData\Local\Programs\Python\Python313\Lib\site-packages\django\middleware\common.py", line 87, in get_full_path_with_slash
    raise RuntimeError(
    ...<9 lines>...
    )
RuntimeError: You called this URL via POST, but the URL doesn't end in a slash and you have APPEND_SLASH set. Django can't redirect to the slash URL while maintaining POST data. Change your form to point to 127.0.0.1:8000/api/ipo/7/ (note the trailing slash), or set APPEND_SLASH=False in your Django settings.
ERROR 2025-06-26 12:56:18,444 django.server | "POST /api/ipo/7 HTTP/1.1" 500 77197
INFO 2025-06-26 12:56:25,042 root | Called POST API list
NoneType: None
WARNING 2025-06-26 12:56:25,043 django.request | Bad Request: /api/ipo/
WARNING 2025-06-26 12:56:25,043 django.server | "POST /api/ipo/ HTTP/1.1" 400 79
INFO 2025-06-26 12:56:31,215 root | Called GET API list
INFO 2025-06-26 12:56:31,228 django.server | "GET /api/ipo/ HTTP/1.1" 200 700
WARNING 2025-06-26 13:08:05,438 django.request | Unauthorized: /api/signup/
WARNING 2025-06-26 13:08:05,438 django.server | "POST /api/signup/ HTTP/1.1" 401 172
WARNING 2025-06-26 13:10:41,419 django.request | Unauthorized: /api/signup/
WARNING 2025-06-26 13:10:41,420 django.server | "POST /api/signup/ HTTP/1.1" 401 39
WARNING 2025-06-26 13:12:49,497 django.request | Unauthorized: /api/signup/
WARNING 2025-06-26 13:12:49,497 django.server | "POST /api/signup/ HTTP/1.1" 401 39
WARNING 2025-06-26 13:13:34,104 django.request | Unauthorized: /api/signup/
WARNING 2025-06-26 13:13:34,104 django.server | "GET /api/signup/ HTTP/1.1" 401 39
WARNING 2025-06-26 13:14:16,004 django.request | Method Not Allowed: /api/signup/
WARNING 2025-06-26 13:14:16,004 django.server | "GET /api/signup/ HTTP/1.1" 405 40
WARNING 2025-06-26 13:14:22,252 django.request | Bad Request: /api/signup/
WARNING 2025-06-26 13:14:22,253 django.server | "POST /api/signup/ HTTP/1.1" 400 58
WARNING 2025-06-26 13:14:43,320 django.request | Bad Request: /api/signup/
WARNING 2025-06-26 13:14:43,321 django.server | "POST /api/signup/ HTTP/1.1" 400 58
INFO 2025-06-26 13:17:51,733 django.server | "POST /api/signup/ HTTP/1.1" 201 101
WARNING 2025-06-26 13:19:02,715 django.request | Bad Request: /api/login/
WARNING 2025-06-26 13:19:02,715 django.server | "POST /api/login/ HTTP/1.1" 400 103
INFO 2025-06-26 13:19:36,001 django.server | "POST /api/login/ HTTP/1.1" 200 556
WARNING 2025-06-26 13:21:20,048 django.request | Bad Request: /api/companies/
WARNING 2025-06-26 13:21:20,049 django.server | "POST /api/companies/ HTTP/1.1" 400 79
INFO 2025-06-26 13:21:31,549 django.server | "GET /api/companies/ HTTP/1.1" 200 1787
INFO 2025-06-26 13:23:28,856 django.server | "POST /api/login/ HTTP/1.1" 200 8150
WARNING 2025-06-26 13:23:46,406 django.request | Unauthorized: /api/token/refresh/
WARNING 2025-06-26 13:23:46,407 django.server | "POST /api/token/refresh/ HTTP/1.1" 401 58
INFO 2025-06-26 13:24:40,229 django.server | "POST /api/login/ HTTP/1.1" 200 556
INFO 2025-06-26 13:25:38,582 django.server | "POST /api/token/refresh/ HTTP/1.1" 200 486
INFO 2025-06-26 13:26:46,702 django.server | "POST /api/logout/ HTTP/1.1" 205 31
WARNING 2025-06-26 13:53:48,251 django.request | Bad Request: /api/signup/
WARNING 2025-06-26 13:53:48,251 django.server | "POST /api/signup/ HTTP/1.1" 400 115
WARNING 2025-06-26 13:53:59,564 django.request | Bad Request: /api/signup/
WARNING 2025-06-26 13:53:59,564 django.server | "POST /api/signup/ HTTP/1.1" 400 58
INFO 2025-06-26 14:03:17,381 django.server | "OPTIONS /api/login/ HTTP/1.1" 200 0
INFO 2025-06-26 14:03:18,806 django.server | "POST /api/login/ HTTP/1.1" 200 564
INFO 2025-06-26 14:03:18,860 django.server | "OPTIONS /api/ipo/paginated/?page=1 HTTP/1.1" 200 0
INFO 2025-06-26 14:03:18,973 root | Called GET API list
INFO 2025-06-26 14:03:18,997 django.server | "GET /api/ipo/paginated/?page=1 HTTP/1.1" 200 710
INFO 2025-06-26 14:03:19,097 root | Called GET API list
INFO 2025-06-26 14:03:19,111 django.server | "GET /api/ipo/paginated/?page=1 HTTP/1.1" 200 710
INFO 2025-06-26 14:03:21,865 django.server | "OPTIONS /api/ipo/paginated/?page=2 HTTP/1.1" 200 0
INFO 2025-06-26 14:03:21,951 root | Called GET API list
INFO 2025-06-26 14:03:21,968 django.server | "GET /api/ipo/paginated/?page=2 HTTP/1.1" 200 1211
INFO 2025-06-26 14:03:23,523 root | Called GET API list
INFO 2025-06-26 14:03:23,536 django.server | "GET /api/ipo/paginated/?page=1 HTTP/1.1" 200 710
INFO 2025-06-26 14:03:25,301 root | Called GET API list
INFO 2025-06-26 14:03:25,316 django.server | "GET /api/ipo/paginated/?page=2 HTTP/1.1" 200 1211
INFO 2025-06-26 14:03:30,221 root | Called GET API list
INFO 2025-06-26 14:03:30,233 django.server | "GET /api/ipo/paginated/?page=1 HTTP/1.1" 200 710
INFO 2025-06-26 14:03:32,348 root | Called GET API list
INFO 2025-06-26 14:03:32,363 django.server | "GET /api/ipo/paginated/?page=2 HTTP/1.1" 200 1211
INFO 2025-06-26 14:03:33,552 root | Called GET API list
INFO 2025-06-26 14:03:33,568 django.server | "GET /api/ipo/paginated/?page=1 HTTP/1.1" 200 710
INFO 2025-06-26 14:03:34,536 root | Called GET API list
INFO 2025-06-26 14:03:34,551 django.server | "GET /api/ipo/paginated/?page=2 HTTP/1.1" 200 1211
INFO 2025-06-26 14:03:35,755 root | Called GET API list
INFO 2025-06-26 14:03:35,769 django.server | "GET /api/ipo/paginated/?page=1 HTTP/1.1" 200 710
INFO 2025-06-26 14:03:36,596 root | Called GET API list
INFO 2025-06-26 14:03:36,609 django.server | "GET /api/ipo/paginated/?page=2 HTTP/1.1" 200 1211
INFO 2025-06-26 14:03:37,609 root | Called GET API list
INFO 2025-06-26 14:03:37,621 django.server | "GET /api/ipo/paginated/?page=1 HTTP/1.1" 200 710
INFO 2025-06-26 14:03:38,326 root | Called GET API list
INFO 2025-06-26 14:03:38,340 django.server | "GET /api/ipo/paginated/?page=2 HTTP/1.1" 200 1211
INFO 2025-06-26 14:03:39,531 root | Called GET API list
INFO 2025-06-26 14:03:39,544 django.server | "GET /api/ipo/paginated/?page=1 HTTP/1.1" 200 710
INFO 2025-06-26 14:03:40,529 root | Called GET API list
INFO 2025-06-26 14:03:40,544 django.server | "GET /api/ipo/paginated/?page=2 HTTP/1.1" 200 1211
INFO 2025-06-26 14:03:44,076 root | Called GET API list
INFO 2025-06-26 14:03:44,092 django.server | "GET /api/ipo/paginated/?page=1 HTTP/1.1" 200 710
INFO 2025-06-26 14:03:45,388 root | Called GET API list
INFO 2025-06-26 14:03:45,403 django.server | "GET /api/ipo/paginated/?page=2 HTTP/1.1" 200 1211
INFO 2025-06-26 14:03:58,559 root | Called GET API list
INFO 2025-06-26 14:03:58,571 django.server | "GET /api/ipo/paginated/?page=1 HTTP/1.1" 200 710
INFO 2025-06-26 14:03:58,655 root | Called GET API list
INFO 2025-06-26 14:03:58,668 django.server | "GET /api/ipo/paginated/?page=1 HTTP/1.1" 200 710
INFO 2025-06-26 14:04:17,874 root | Called GET API list
INFO 2025-06-26 14:04:17,888 django.server | "GET /api/ipo/paginated/?page=1 HTTP/1.1" 200 710
INFO 2025-06-26 14:04:18,068 root | Called GET API list
INFO 2025-06-26 14:04:18,080 django.server | "GET /api/ipo/paginated/?page=1 HTTP/1.1" 200 710
INFO 2025-06-26 14:04:21,871 root | Called GET API list
INFO 2025-06-26 14:04:21,886 django.server | "GET /api/ipo/paginated/?page=1 HTTP/1.1" 200 710
INFO 2025-06-26 14:04:21,969 root | Called GET API list
INFO 2025-06-26 14:04:21,982 django.server | "GET /api/ipo/paginated/?page=1 HTTP/1.1" 200 710
INFO 2025-06-26 16:29:20,973 django.server | "OPTIONS /api/login/ HTTP/1.1" 200 0
INFO 2025-06-26 16:29:22,385 django.server | "POST /api/login/ HTTP/1.1" 200 564
INFO 2025-06-26 16:29:22,413 django.server | "OPTIONS /api/ipo/paginated/?page=1 HTTP/1.1" 200 0
INFO 2025-06-26 16:29:22,432 django.server | "OPTIONS /api/ipo/paginated/?page=1 HTTP/1.1" 200 0
INFO 2025-06-26 16:29:22,526 root | Called GET API list
INFO 2025-06-26 16:29:22,540 django.server | "GET /api/ipo/paginated/?page=1 HTTP/1.1" 200 710
INFO 2025-06-26 16:29:22,616 root | Called GET API list
INFO 2025-06-26 16:29:22,627 django.server | "GET /api/ipo/paginated/?page=1 HTTP/1.1" 200 710
INFO 2025-06-26 16:29:36,925 django.server | "OPTIONS /api/ipo/paginated/?page=2 HTTP/1.1" 200 0
INFO 2025-06-26 16:29:37,015 root | Called GET API list
INFO 2025-06-26 16:29:37,029 django.server | "GET /api/ipo/paginated/?page=2 HTTP/1.1" 200 1211
INFO 2025-06-26 16:29:39,189 root | Called GET API list
INFO 2025-06-26 16:29:39,202 django.server | "GET /api/ipo/paginated/?page=1 HTTP/1.1" 200 710
INFO 2025-06-26 16:33:01,302 root | Called GET API list
INFO 2025-06-26 16:33:01,325 django.server | "GET /api/ipo/paginated/?page=1 HTTP/1.1" 200 710
INFO 2025-06-26 16:33:14,052 root | Called GET API list
INFO 2025-06-26 16:33:14,065 django.server | "GET /api/ipo/paginated/?page=2 HTTP/1.1" 200 1211
INFO 2025-06-26 16:33:15,230 root | Called GET API list
INFO 2025-06-26 16:33:15,243 django.server | "GET /api/ipo/paginated/?page=1 HTTP/1.1" 200 710
INFO 2025-06-26 16:33:16,266 root | Called GET API list
INFO 2025-06-26 16:33:16,282 django.server | "GET /api/ipo/paginated/?page=2 HTTP/1.1" 200 1211
INFO 2025-06-26 16:33:18,064 root | Called GET API list
INFO 2025-06-26 16:33:18,077 django.server | "GET /api/ipo/paginated/?page=1 HTTP/1.1" 200 710
INFO 2025-06-26 16:35:33,709 root | Called GET API list
INFO 2025-06-26 16:35:33,728 django.server | "GET /api/ipo/paginated/?page=1 HTTP/1.1" 200 710
INFO 2025-06-26 16:39:02,548 root | Called GET API list
INFO 2025-06-26 16:39:02,571 django.server | "GET /api/ipo/paginated/?page=1 HTTP/1.1" 200 710
INFO 2025-06-26 16:39:26,638 root | Called GET API list
INFO 2025-06-26 16:39:26,659 django.server | "GET /api/ipo/paginated/?page=1 HTTP/1.1" 200 710
INFO 2025-06-26 16:39:39,641 root | Called GET API list
INFO 2025-06-26 16:39:39,656 django.server | "GET /api/ipo/paginated/?page=2 HTTP/1.1" 200 1211
INFO 2025-06-26 16:40:03,027 root | Called GET API list
INFO 2025-06-26 16:40:03,048 django.server | "GET /api/ipo/paginated/?page=1 HTTP/1.1" 200 710
INFO 2025-06-26 16:40:05,054 root | Called GET API list
INFO 2025-06-26 16:40:05,069 django.server | "GET /api/ipo/paginated/?page=2 HTTP/1.1" 200 1211
INFO 2025-06-26 16:41:25,754 root | Called GET API list
INFO 2025-06-26 16:41:25,767 django.server | "GET /api/ipo/paginated/?page=1 HTTP/1.1" 200 710
INFO 2025-06-26 16:41:28,815 root | Called GET API list
INFO 2025-06-26 16:41:28,865 django.server | "GET /api/ipo/paginated/?page=2 HTTP/1.1" 200 1211
INFO 2025-06-26 16:45:17,327 root | Called GET API list
INFO 2025-06-26 16:45:17,338 django.server | "GET /api/ipo/paginated/?page=1 HTTP/1.1" 200 710
INFO 2025-06-26 16:45:17,428 root | Called GET API list
INFO 2025-06-26 16:45:17,440 django.server | "GET /api/ipo/paginated/?page=1 HTTP/1.1" 200 710
INFO 2025-06-26 16:45:36,630 root | Called GET API list
INFO 2025-06-26 16:45:36,647 django.server | "GET /api/ipo/paginated/?page=1 HTTP/1.1" 200 710
INFO 2025-06-26 16:45:38,682 root | Called GET API list
INFO 2025-06-26 16:45:38,694 django.server | "GET /api/ipo/paginated/?page=1 HTTP/1.1" 200 710
INFO 2025-06-26 16:45:38,780 root | Called GET API list
INFO 2025-06-26 16:45:38,793 django.server | "GET /api/ipo/paginated/?page=1 HTTP/1.1" 200 710
INFO 2025-06-26 16:45:54,600 root | Called GET API list
INFO 2025-06-26 16:45:54,613 django.server | "GET /api/ipo/paginated/?page=1 HTTP/1.1" 200 710
INFO 2025-06-26 16:46:51,920 root | Called GET API list
INFO 2025-06-26 16:46:51,940 django.server | "GET /api/ipo/paginated/?page=1 HTTP/1.1" 200 710
INFO 2025-06-26 16:48:08,445 root | Called GET API list
INFO 2025-06-26 16:48:08,461 django.server | "GET /api/ipo/paginated/?page=1 HTTP/1.1" 200 710
INFO 2025-06-26 16:49:35,567 root | Called GET API list
INFO 2025-06-26 16:49:35,587 django.server | "GET /api/ipo/paginated/?page=1 HTTP/1.1" 200 710
INFO 2025-06-26 16:53:10,669 root | Called GET API list
INFO 2025-06-26 16:53:10,691 django.server | "GET /api/ipo/paginated/?page=1 HTTP/1.1" 200 710
INFO 2025-06-26 16:53:20,924 root | Called GET API list
INFO 2025-06-26 16:53:20,939 django.server | "GET /api/ipo/paginated/?page=2 HTTP/1.1" 200 1211
INFO 2025-06-26 16:56:40,596 root | Called GET API list
INFO 2025-06-26 16:56:40,607 django.server | "GET /api/ipo/paginated/?page=1 HTTP/1.1" 200 710
INFO 2025-06-26 17:00:06,418 root | Called GET API list
INFO 2025-06-26 17:00:06,436 django.server | "GET /api/ipo/paginated/?page=1 HTTP/1.1" 200 710
INFO 2025-06-26 17:00:07,565 root | Called GET API list
INFO 2025-06-26 17:00:07,581 django.server | "GET /api/ipo/paginated/?page=2 HTTP/1.1" 200 1211
INFO 2025-06-26 17:00:33,198 root | Called GET API list
INFO 2025-06-26 17:00:33,211 django.server | "GET /api/ipo/paginated/?page=1 HTTP/1.1" 200 710
INFO 2025-06-26 17:00:34,148 root | Called GET API list
INFO 2025-06-26 17:00:34,163 django.server | "GET /api/ipo/paginated/?page=2 HTTP/1.1" 200 1211
INFO 2025-06-26 17:00:39,811 root | Called GET API list
INFO 2025-06-26 17:00:39,824 django.server | "GET /api/ipo/paginated/?page=1 HTTP/1.1" 200 710
INFO 2025-06-26 17:00:40,772 root | Called GET API list
INFO 2025-06-26 17:00:40,786 django.server | "GET /api/ipo/paginated/?page=2 HTTP/1.1" 200 1211
INFO 2025-06-26 17:15:04,539 root | Called GET API list
INFO 2025-06-26 17:15:04,558 django.server | "GET /api/ipo/paginated/?page=1 HTTP/1.1" 200 710
INFO 2025-06-26 17:15:09,315 root | Called GET API list
INFO 2025-06-26 17:15:09,330 django.server | "GET /api/ipo/paginated/?page=2 HTTP/1.1" 200 1211
INFO 2025-06-26 17:15:16,115 root | Called GET API list
INFO 2025-06-26 17:15:16,127 django.server | "GET /api/ipo/paginated/?page=1 HTTP/1.1" 200 710
INFO 2025-06-26 17:15:17,178 root | Called GET API list
INFO 2025-06-26 17:15:17,193 django.server | "GET /api/ipo/paginated/?page=2 HTTP/1.1" 200 1211
INFO 2025-06-26 17:19:33,634 django.server | "POST /api/login/ HTTP/1.1" 200 564
INFO 2025-06-26 17:19:33,785 root | Called GET API list
INFO 2025-06-26 17:19:33,798 django.server | "GET /api/ipo/paginated/?page=1 HTTP/1.1" 200 710
INFO 2025-06-26 17:19:33,978 root | Called GET API list
INFO 2025-06-26 17:19:33,993 django.server | "GET /api/ipo/paginated/?page=1 HTTP/1.1" 200 710
INFO 2025-06-26 17:19:37,142 root | Called GET API list
INFO 2025-06-26 17:19:37,159 django.server | "GET /api/ipo/paginated/?page=2 HTTP/1.1" 200 1211
INFO 2025-06-26 17:25:35,610 root | Called GET API list
INFO 2025-06-26 17:25:35,622 django.server | "GET /api/ipo/paginated/?page=1 HTTP/1.1" 200 710
INFO 2025-06-26 17:26:31,590 root | Called GET API list
INFO 2025-06-26 17:26:31,603 django.server | "GET /api/ipo/paginated/?page=1 HTTP/1.1" 200 710
INFO 2025-06-26 17:26:40,171 root | Called GET API list
INFO 2025-06-26 17:26:40,186 django.server | "GET /api/ipo/paginated/?page=2 HTTP/1.1" 200 1211
INFO 2025-06-26 17:26:44,500 root | Called GET API list
INFO 2025-06-26 17:26:44,515 django.server | "GET /api/ipo/paginated/?page=1 HTTP/1.1" 200 710
INFO 2025-06-26 17:27:44,622 root | Called GET API list
INFO 2025-06-26 17:27:44,641 django.server | "GET /api/ipo/paginated/?page=1 HTTP/1.1" 200 710
INFO 2025-06-26 17:28:42,636 root | Called GET API list
INFO 2025-06-26 17:28:42,659 django.server | "GET /api/ipo/paginated/?page=1 HTTP/1.1" 200 710
INFO 2025-06-26 17:29:07,320 root | Called GET API list
INFO 2025-06-26 17:29:07,337 django.server | "GET /api/ipo/paginated/?page=2 HTTP/1.1" 200 1211
INFO 2025-06-26 17:29:47,600 root | Called GET API list
INFO 2025-06-26 17:29:47,611 django.server | "GET /api/ipo/paginated/?page=1 HTTP/1.1" 200 710
INFO 2025-06-26 17:29:51,015 root | Called GET API list
INFO 2025-06-26 17:29:51,026 django.server | "GET /api/ipo/paginated/?page=1 HTTP/1.1" 200 710
INFO 2025-06-26 17:29:51,123 root | Called GET API list
INFO 2025-06-26 17:29:51,136 django.server | "GET /api/ipo/paginated/?page=1 HTTP/1.1" 200 710
INFO 2025-06-26 17:31:33,676 root | Called GET API list
INFO 2025-06-26 17:31:33,693 django.server | "GET /api/ipo/paginated/?page=1 HTTP/1.1" 200 710
INFO 2025-06-26 17:33:10,947 root | Called GET API list
INFO 2025-06-26 17:33:10,966 django.server | "GET /api/ipo/paginated/?page=1 HTTP/1.1" 200 710
INFO 2025-06-26 17:33:14,712 root | Called GET API list
INFO 2025-06-26 17:33:14,727 django.server | "GET /api/ipo/paginated/?page=2 HTTP/1.1" 200 1211
INFO 2025-06-26 17:34:23,815 root | Called GET API list
INFO 2025-06-26 17:34:23,827 django.server | "GET /api/ipo/paginated/?page=1 HTTP/1.1" 200 710
INFO 2025-06-26 17:34:31,529 root | Called GET API list
INFO 2025-06-26 17:34:31,542 django.server | "GET /api/ipo/paginated/?page=2 HTTP/1.1" 200 1211
INFO 2025-06-26 17:35:41,627 root | Called GET API list
INFO 2025-06-26 17:35:41,639 django.server | "GET /api/ipo/paginated/?page=1 HTTP/1.1" 200 710
INFO 2025-06-26 17:35:44,907 root | Called GET API list
INFO 2025-06-26 17:35:44,923 django.server | "GET /api/ipo/paginated/?page=2 HTTP/1.1" 200 1211
INFO 2025-06-26 17:36:01,790 root | Called GET API list
INFO 2025-06-26 17:36:01,805 django.server | "GET /api/ipo/paginated/?page=1 HTTP/1.1" 200 710
INFO 2025-06-26 17:37:46,739 root | Called GET API list
INFO 2025-06-26 17:37:46,759 django.server | "GET /api/ipo/paginated/?page=1 HTTP/1.1" 200 710
INFO 2025-06-26 17:37:54,466 root | Called GET API list
INFO 2025-06-26 17:37:54,482 django.server | "GET /api/ipo/paginated/?page=2 HTTP/1.1" 200 1211
INFO 2025-06-26 17:37:55,915 root | Called GET API list
INFO 2025-06-26 17:37:55,930 django.server | "GET /api/ipo/paginated/?page=1 HTTP/1.1" 200 710
INFO 2025-06-26 17:37:59,413 root | Called GET API list
INFO 2025-06-26 17:37:59,429 django.server | "GET /api/ipo/paginated/?page=2 HTTP/1.1" 200 1211
INFO 2025-06-26 17:38:52,593 root | Called GET API list
INFO 2025-06-26 17:38:52,606 django.server | "GET /api/ipo/paginated/?page=1 HTTP/1.1" 200 710
INFO 2025-06-26 17:38:59,625 root | Called GET API list
INFO 2025-06-26 17:38:59,639 django.server | "GET /api/ipo/paginated/?page=1 HTTP/1.1" 200 710
INFO 2025-06-26 17:39:04,960 root | Called GET API list
INFO 2025-06-26 17:39:04,970 django.server | "GET /api/ipo/paginated/?page=1 HTTP/1.1" 200 710
INFO 2025-06-26 17:39:05,050 root | Called GET API list
INFO 2025-06-26 17:39:05,062 django.server | "GET /api/ipo/paginated/?page=1 HTTP/1.1" 200 710
INFO 2025-06-26 17:45:21,614 root | Called GET API list
INFO 2025-06-26 17:45:21,628 django.server | "GET /api/ipo/paginated/?page=1 HTTP/1.1" 200 710
INFO 2025-06-26 18:08:03,522 django.server | "POST /api/login/ HTTP/1.1" 200 564
INFO 2025-06-26 18:08:03,660 root | Called GET API list
INFO 2025-06-26 18:08:03,674 django.server | "GET /api/ipo/paginated/?page=1 HTTP/1.1" 200 710
INFO 2025-06-26 18:08:03,756 root | Called GET API list
INFO 2025-06-26 18:08:03,767 django.server | "GET /api/ipo/paginated/?page=1 HTTP/1.1" 200 710
INFO 2025-06-26 18:08:06,153 root | Called GET API list
INFO 2025-06-26 18:08:06,168 django.server | "GET /api/ipo/paginated/?page=2 HTTP/1.1" 200 1211
INFO 2025-06-26 18:08:07,186 root | Called GET API list
INFO 2025-06-26 18:08:07,199 django.server | "GET /api/ipo/paginated/?page=1 HTTP/1.1" 200 710
INFO 2025-06-26 18:08:08,125 root | Called GET API list
INFO 2025-06-26 18:08:08,142 django.server | "GET /api/ipo/paginated/?page=2 HTTP/1.1" 200 1211
INFO 2025-06-26 18:08:09,136 root | Called GET API list
INFO 2025-06-26 18:08:09,151 django.server | "GET /api/ipo/paginated/?page=1 HTTP/1.1" 200 710
INFO 2025-06-26 18:08:10,073 root | Called GET API list
INFO 2025-06-26 18:08:10,088 django.server | "GET /api/ipo/paginated/?page=2 HTTP/1.1" 200 1211
INFO 2025-06-26 18:08:15,954 root | Called GET API list
INFO 2025-06-26 18:08:15,969 django.server | "GET /api/ipo/paginated/?page=1 HTTP/1.1" 200 710
INFO 2025-06-26 18:08:17,136 root | Called GET API list
INFO 2025-06-26 18:08:17,153 django.server | "GET /api/ipo/paginated/?page=2 HTTP/1.1" 200 1211
INFO 2025-06-26 18:08:18,319 root | Called GET API list
INFO 2025-06-26 18:08:18,333 django.server | "GET /api/ipo/paginated/?page=1 HTTP/1.1" 200 710
INFO 2025-06-26 18:08:19,357 root | Called GET API list
INFO 2025-06-26 18:08:19,372 django.server | "GET /api/ipo/paginated/?page=2 HTTP/1.1" 200 1211
INFO 2025-06-26 18:14:42,530 root | Called GET API list
INFO 2025-06-26 18:14:42,541 django.server | "GET /api/ipo/paginated/?page=1 HTTP/1.1" 200 710
INFO 2025-06-26 18:14:43,689 root | Called GET API list
INFO 2025-06-26 18:14:43,705 django.server | "GET /api/ipo/paginated/?page=2 HTTP/1.1" 200 1211
INFO 2025-06-26 18:15:09,678 django.server | "OPTIONS /api/ipo/6/ HTTP/1.1" 200 0
INFO 2025-06-26 18:15:09,785 root | Called DELETE API for id
NoneType: None
INFO 2025-06-26 18:15:09,799 django.server | "DELETE /api/ipo/6/ HTTP/1.1" 204 0
INFO 2025-06-26 18:15:09,876 root | Called GET API list
INFO 2025-06-26 18:15:09,889 django.server | "GET /api/ipo/paginated/?page=2 HTTP/1.1" 200 772
INFO 2025-06-26 18:15:28,933 django.server | "OPTIONS /api/ipo/7/ HTTP/1.1" 200 0
INFO 2025-06-26 18:15:29,018 root | Called PUT API for id
NoneType: None
INFO 2025-06-26 18:15:29,033 django.server | "PUT /api/ipo/7/ HTTP/1.1" 200 439
INFO 2025-06-26 18:15:29,123 root | Called GET API list
INFO 2025-06-26 18:15:29,136 django.server | "GET /api/ipo/paginated/?page=2 HTTP/1.1" 200 772
INFO 2025-06-26 18:40:15,467 django.server | "OPTIONS /api/ipo/paginated/?page=1 HTTP/1.1" 200 0
INFO 2025-06-26 18:40:15,485 django.server | "OPTIONS /api/ipo/paginated/?page=1 HTTP/1.1" 200 0
INFO 2025-06-26 18:40:15,594 root | Called GET API list
INFO 2025-06-26 18:40:15,605 django.server | "GET /api/ipo/paginated/?page=1 HTTP/1.1" 200 710
INFO 2025-06-26 18:40:15,701 root | Called GET API list
INFO 2025-06-26 18:40:15,711 django.server | "GET /api/ipo/paginated/?page=1 HTTP/1.1" 200 710
INFO 2025-06-26 18:41:17,662 django.server | "OPTIONS /api/login/ HTTP/1.1" 200 0
INFO 2025-06-26 18:41:19,304 django.server | "POST /api/login/ HTTP/1.1" 200 564
INFO 2025-06-26 18:41:19,442 root | Called GET API list
INFO 2025-06-26 18:41:19,452 django.server | "GET /api/ipo/paginated/?page=1 HTTP/1.1" 200 710
INFO 2025-06-26 18:41:19,533 root | Called GET API list
INFO 2025-06-26 18:41:19,545 django.server | "GET /api/ipo/paginated/?page=1 HTTP/1.1" 200 710
INFO 2025-06-27 10:26:02,635 django.server | "OPTIONS /api/login/ HTTP/1.1" 200 0
INFO 2025-06-27 10:26:04,101 django.server | "POST /api/login/ HTTP/1.1" 200 564
INFO 2025-06-27 10:26:04,140 django.server | "OPTIONS /api/ipo/paginated/?page=1 HTTP/1.1" 200 0
INFO 2025-06-27 10:26:04,144 django.server | "OPTIONS /api/ipo/paginated/?page=1 HTTP/1.1" 200 0
INFO 2025-06-27 10:26:04,246 root | Called GET API list
INFO 2025-06-27 10:26:04,261 django.server | "GET /api/ipo/paginated/?page=1 HTTP/1.1" 200 710
INFO 2025-06-27 10:26:04,369 root | Called GET API list
INFO 2025-06-27 10:26:04,385 django.server | "GET /api/ipo/paginated/?page=1 HTTP/1.1" 200 710
INFO 2025-06-27 10:26:08,057 django.server | "OPTIONS /api/ipo/paginated/?page=2 HTTP/1.1" 200 0
INFO 2025-06-27 10:26:08,183 root | Called GET API list
INFO 2025-06-27 10:26:08,203 django.server | "GET /api/ipo/paginated/?page=2 HTTP/1.1" 200 772
INFO 2025-06-27 10:26:09,441 root | Called GET API list
INFO 2025-06-27 10:26:09,457 django.server | "GET /api/ipo/paginated/?page=1 HTTP/1.1" 200 710
INFO 2025-06-27 10:26:10,787 root | Called GET API list
INFO 2025-06-27 10:26:10,808 django.server | "GET /api/ipo/paginated/?page=2 HTTP/1.1" 200 772
INFO 2025-06-27 10:37:50,629 django.utils.autoreload | Watching for file changes with StatReloader
INFO 2025-06-27 10:38:01,832 django.server | "POST /api/login/ HTTP/1.1" 200 564
INFO 2025-06-27 10:38:02,007 root | Called GET API list
INFO 2025-06-27 10:38:02,073 django.server | "GET /api/ipo/paginated/?page=1 HTTP/1.1" 200 710
INFO 2025-06-27 10:38:02,188 root | Called GET API list
INFO 2025-06-27 10:38:02,205 django.server | "GET /api/ipo/paginated/?page=1 HTTP/1.1" 200 710
INFO 2025-06-27 10:38:04,700 root | Called GET API list
INFO 2025-06-27 10:38:04,716 django.server | "GET /api/ipo/paginated/?page=2 HTTP/1.1" 200 772
INFO 2025-06-27 10:38:08,558 django.server | "OPTIONS /api/ipo/7/ HTTP/1.1" 200 0
INFO 2025-06-27 10:38:08,640 root | Called PUT API for id
NoneType: None
INFO 2025-06-27 10:38:08,730 django.server | "PUT /api/ipo/7/ HTTP/1.1" 200 440
INFO 2025-06-27 10:38:08,906 root | Called GET API list
INFO 2025-06-27 10:38:08,918 django.server | "GET /api/ipo/paginated/?page=2 HTTP/1.1" 200 773
INFO 2025-06-27 11:40:08,404 django.server | "POST /api/login/ HTTP/1.1" 200 564
INFO 2025-06-27 11:40:08,548 root | Called GET API list
INFO 2025-06-27 11:40:08,563 django.server | "GET /api/ipo/paginated/?page=1 HTTP/1.1" 200 710
INFO 2025-06-27 11:40:08,645 root | Called GET API list
INFO 2025-06-27 11:40:08,656 django.server | "GET /api/ipo/paginated/?page=1 HTTP/1.1" 200 710
INFO 2025-06-27 11:40:14,003 root | Called GET API list
INFO 2025-06-27 11:40:14,018 django.server | "GET /api/ipo/paginated/?page=2 HTTP/1.1" 200 773
INFO 2025-06-27 11:43:09,393 root | Called GET API list
INFO 2025-06-27 11:43:09,406 django.server | "GET /api/ipo/paginated/?page=1 HTTP/1.1" 200 710
INFO 2025-06-27 11:43:09,480 root | Called GET API list
INFO 2025-06-27 11:43:09,491 django.server | "GET /api/ipo/paginated/?page=1 HTTP/1.1" 200 710
INFO 2025-06-27 11:44:06,300 root | Called GET API list
INFO 2025-06-27 11:44:06,316 django.server | "GET /api/ipo/paginated/?page=1 HTTP/1.1" 200 710
INFO 2025-06-27 11:44:06,416 root | Called GET API list
INFO 2025-06-27 11:44:06,427 django.server | "GET /api/ipo/paginated/?page=1 HTTP/1.1" 200 710
INFO 2025-06-27 11:45:07,474 root | Called GET API list
INFO 2025-06-27 11:45:07,489 django.server | "GET /api/ipo/paginated/?page=2 HTTP/1.1" 200 773
INFO 2025-06-27 11:47:31,989 root | Called GET API list
INFO 2025-06-27 11:47:32,008 django.server | "GET /api/ipo/paginated/?page=1 HTTP/1.1" 200 710
INFO 2025-06-27 11:47:38,229 root | Called GET API list
INFO 2025-06-27 11:47:38,243 django.server | "GET /api/ipo/paginated/?page=2 HTTP/1.1" 200 773
INFO 2025-06-27 11:50:04,316 root | Called GET API list
INFO 2025-06-27 11:50:04,335 django.server | "GET /api/ipo/paginated/?page=1 HTTP/1.1" 200 710
INFO 2025-06-27 11:57:27,125 root | Called GET API list
INFO 2025-06-27 11:57:27,139 django.server | "GET /api/ipo/paginated/?page=2 HTTP/1.1" 200 773
INFO 2025-06-27 11:57:28,115 root | Called GET API list
INFO 2025-06-27 11:57:28,128 django.server | "GET /api/ipo/paginated/?page=1 HTTP/1.1" 200 710
INFO 2025-06-27 11:57:29,536 root | Called GET API list
INFO 2025-06-27 11:57:29,550 django.server | "GET /api/ipo/paginated/?page=2 HTTP/1.1" 200 773
INFO 2025-06-27 11:57:36,418 root | Called PUT API for id
NoneType: None
INFO 2025-06-27 11:57:36,436 django.server | "PUT /api/ipo/7/ HTTP/1.1" 200 440
INFO 2025-06-27 11:57:36,526 root | Called GET API list
INFO 2025-06-27 11:57:36,541 django.server | "GET /api/ipo/paginated/?page=2 HTTP/1.1" 200 773
INFO 2025-06-27 11:58:24,290 root | Called GET API list
INFO 2025-06-27 11:58:24,309 django.server | "GET /api/ipo/paginated/?page=1 HTTP/1.1" 200 710
INFO 2025-06-27 11:59:26,308 root | Called GET API list
INFO 2025-06-27 11:59:26,321 django.server | "GET /api/ipo/paginated/?page=2 HTTP/1.1" 200 773
INFO 2025-06-27 11:59:32,264 root | Called GET API list
INFO 2025-06-27 11:59:32,275 django.server | "GET /api/ipo/paginated/?page=1 HTTP/1.1" 200 710
INFO 2025-06-27 12:16:41,229 root | Called GET API list
INFO 2025-06-27 12:16:41,249 django.server | "GET /api/ipo/paginated/?page=1 HTTP/1.1" 200 710
INFO 2025-06-27 12:19:02,199 root | Called GET API list
INFO 2025-06-27 12:19:02,222 django.server | "GET /api/ipo/paginated/?page=1 HTTP/1.1" 200 710
INFO 2025-06-27 12:19:41,229 root | Called GET API list
INFO 2025-06-27 12:19:41,245 django.server | "GET /api/ipo/paginated/?page=1 HTTP/1.1" 200 710
INFO 2025-06-27 12:21:42,221 root | Called GET API list
INFO 2025-06-27 12:21:42,237 django.server | "GET /api/ipo/paginated/?page=1 HTTP/1.1" 200 710
INFO 2025-06-27 12:29:16,111 django.server | "OPTIONS /api/ipo/paginated/?page=1 HTTP/1.1" 200 0
INFO 2025-06-27 12:29:16,231 root | Called GET API list
INFO 2025-06-27 12:29:16,249 django.server | "GET /api/ipo/paginated/?page=1 HTTP/1.1" 200 710
INFO 2025-06-27 12:32:13,330 root | Called GET API list
INFO 2025-06-27 12:32:13,370 django.server | "GET /api/ipo/paginated/?page=1 HTTP/1.1" 200 710
INFO 2025-06-27 12:34:31,624 django.server | "OPTIONS /api/ipo/paginated/?page=2 HTTP/1.1" 200 0
INFO 2025-06-27 12:34:31,715 root | Called GET API list
INFO 2025-06-27 12:34:31,728 django.server | "GET /api/ipo/paginated/?page=2 HTTP/1.1" 200 773
INFO 2025-06-27 12:34:39,204 root | Called GET API list
INFO 2025-06-27 12:34:39,215 django.server | "GET /api/ipo/paginated/?page=1 HTTP/1.1" 200 710
